#
# There is insufficient memory for the Java Runtime Environment to continue.
# Native memory allocation (malloc) failed to allocate 1846736 bytes for Chunk::new
# Possible reasons:
#   The system is out of physical RAM or swap space
#   The process is running with CompressedOops enabled, and the Java Heap may be blocking the growth of the native heap
# Possible solutions:
#   Reduce memory load on the system
#   Increase physical memory or swap space
#   Check if swap backing store is full
#   Decrease Java heap size (-Xmx/-Xms)
#   Decrease number of Java threads
#   Decrease Java thread stack sizes (-Xss)
#   Set larger code cache with -XX:ReservedCodeCacheSize=
#   JVM is running with Unscaled Compressed Oops mode in which the Java heap is
#     placed in the first 4GB address space. The Java Heap base address is the
#     maximum limit for the native heap growth. Please use -XX:HeapBaseMinAddress
#     to set the Java Heap base and to place the Java Heap above 4GB virtual address.
# This output file may be truncated or incomplete.
#
#  Out of Memory Error (./src/hotspot/share/memory/arena.cpp:197), pid=4256, tid=11088
#
# JRE version: OpenJDK Runtime Environment (11.0.13) (build 11.0.13+0-b1751.21-8125866)
# Java VM: OpenJDK 64-Bit Server VM (11.0.13+0-b1751.21-8125866, mixed mode, tiered, compressed oops, g1 gc, windows-amd64)
# No core dump will be written. Minidumps are not enabled by default on client versions of Windows
#

---------------  S U M M A R Y ------------

Command Line: --add-opens=java.base/java.util=ALL-UNNAMED --add-opens=java.base/java.lang=ALL-UNNAMED --add-opens=java.base/java.lang.invoke=ALL-UNNAMED --add-opens=java.base/java.util=ALL-UNNAMED --add-opens=java.prefs/java.util.prefs=ALL-UNNAMED --add-opens=java.prefs/java.util.prefs=ALL-UNNAMED --add-opens=java.base/java.nio.charset=ALL-UNNAMED --add-opens=java.base/java.net=ALL-UNNAMED --add-opens=java.base/java.util.concurrent.atomic=ALL-UNNAMED -Xmx2048m -Dfile.encoding=UTF-8 -Duser.country=RU -Duser.language=ru -Duser.variant org.gradle.launcher.daemon.bootstrap.GradleDaemon 7.3.3

Host: AMD Ryzen 5 6600H with Radeon Graphics         , 12 cores, 15G,  Windows 11 , 64 bit Build 22000 (10.0.22000.1880)
Time: Sat May 13 17:53:09 2023 RTZ 2 (зима) elapsed time: 11.701797 seconds (0d 0h 0m 11s)

---------------  T H R E A D  ---------------

Current thread (0x000001ad81d7a800):  JavaThread "C2 CompilerThread1" daemon [_thread_in_native, id=11088, stack(0x0000005166600000,0x0000005166700000)]


Current CompileTask:
C2:  11701 10947       4       org.gradle.cache.internal.btree.BTreePersistentIndexedCache$IndexBlock::find (140 bytes)

Stack: [0x0000005166600000,0x0000005166700000]
Native frames: (J=compiled Java code, j=interpreted, Vv=VM code, C=native code)
V  [jvm.dll+0x6100fa]
V  [jvm.dll+0x747090]
V  [jvm.dll+0x7486ad]
V  [jvm.dll+0x748d83]
V  [jvm.dll+0x24ab48]
V  [jvm.dll+0xc04dc]
V  [jvm.dll+0xc0a0c]
V  [jvm.dll+0x35eb5b]
V  [jvm.dll+0x32b833]
V  [jvm.dll+0x32ad2a]
V  [jvm.dll+0x2032b2]
V  [jvm.dll+0x202437]
V  [jvm.dll+0x188e01]
V  [jvm.dll+0x21106b]
V  [jvm.dll+0x20f8c1]
V  [jvm.dll+0x70de0f]
V  [jvm.dll+0x706a75]
V  [jvm.dll+0x60ed66]
C  [ucrtbase.dll+0x26c0c]
C  [KERNEL32.DLL+0x155a0]
C  [ntdll.dll+0x485b]


---------------  P R O C E S S  ---------------

Threads class SMR info:
_java_thread_list=0x000001ad872886b0, length=169, elements={
0x000001ade281b000, 0x000001adfd93a000, 0x000001adfe16d000, 0x000001adfe188000,
0x000001adfe18c000, 0x000001adfe18d800, 0x000001adfe18f800, 0x000001adfe1d8000,
0x000001adfe1da800, 0x000001adfe356800, 0x000001adffa9e800, 0x000001adfe67d800,
0x000001ad80821000, 0x000001ad80928000, 0x000001ad804be800, 0x000001ad809cd000,
0x000001ad80851000, 0x000001ad807fb800, 0x000001ad80cc3000, 0x000001ad80da2000,
0x000001ad8045b000, 0x000001ad8045a800, 0x000001ad8045c000, 0x000001ad81d7a800,
0x000001ad80459800, 0x000001ad81f89000, 0x000001ad81f87800, 0x000001ad81f88000,
0x000001ad81f85000, 0x000001ad81f8b800, 0x000001ad81f8a000, 0x000001ad81f86800,
0x000001ad81f85800, 0x000001ad81f8c000, 0x000001ad81f8d000, 0x000001ad81f8f800,
0x000001ad81f90800, 0x000001ad81f8a800, 0x000001ad81f8e800, 0x000001ad82398800,
0x000001ad81f91000, 0x000001ad81f93800, 0x000001ad81f8e000, 0x000001ad81f92000,
0x000001ad81f93000, 0x000001ad8459b000, 0x000001ad8459c800, 0x000001ad84599000,
0x000001ad8459d800, 0x000001ad84597800, 0x000001ad8459e000, 0x000001ad84598800,
0x000001ad845a4000, 0x000001ad845a2000, 0x000001ad845a4800, 0x000001ad845a3000,
0x000001ad845a0000, 0x000001ad8459f000, 0x000001ad845a0800, 0x000001ad845a5800,
0x000001ad845a6800, 0x000001ad845a1800, 0x000001ad8397c000, 0x000001ad8397b800,
0x000001ad8397a800, 0x000001ad83977000, 0x000001ad83976800, 0x000001ad83978000,
0x000001ad83979800, 0x000001ad8397d000, 0x000001ad8397d800, 0x000001ad8397e800,
0x000001ad83979000, 0x000001ad83983800, 0x000001ad83982800, 0x000001ad8397f800,
0x000001ad83984000, 0x000001ad83981000, 0x000001ad83985000, 0x000001ad83982000,
0x000001ad83980000, 0x000001ad83a73800, 0x000001ad83a74000, 0x000001ad83a7a000,
0x000001ad83a77800, 0x000001ad83a75800, 0x000001ad83a76800, 0x000001ad83a78000,
0x000001ad83a79000, 0x000001ad83a7a800, 0x000001ad83a75000, 0x000001ad83a7c800,
0x000001ad83a81000, 0x000001ad83a80800, 0x000001ad83a7e800, 0x000001ad83a7b800,
0x000001ad83a82000, 0x000001ad83a7d000, 0x000001ad83a7f800, 0x000001ad83a7e000,
0x000001ad83d2c000, 0x000001ad83d27000, 0x000001ad83d2d000, 0x000001ad83d2d800,
0x000001ad83d28000, 0x000001ad83d29000, 0x000001ad83d29800, 0x000001ad83d2a800,
0x000001ad83d2b800, 0x000001ad815db800, 0x000001ad815d7800, 0x000001ad815dc800,
0x000001ad815d6800, 0x000001ad815de000, 0x000001ad815da800, 0x000001ad815d8000,
0x000001ad815dd000, 0x000001ad815df000, 0x000001ad815d9000, 0x000001ad815df800,
0x000001ad815da000, 0x000001ad815e5800, 0x000001ad815e2000, 0x000001ad815e4800,
0x000001ad815e1000, 0x000001ad815e3000, 0x000001ad815e3800, 0x000001ad815e0800,
0x000001ad8583c000, 0x000001ad8583e800, 0x000001ad8583f000, 0x000001ad8583d800,
0x000001ad85839800, 0x000001ad8583d000, 0x000001ad85840000, 0x000001ad8583a800,
0x000001ad85841000, 0x000001ad8583b000, 0x000001ad85846000, 0x000001ad85843800,
0x000001ad85846800, 0x000001ad85845000, 0x000001ad85847800, 0x000001ad85841800,
0x000001ad85848000, 0x000001ad85844000, 0x000001ad85842800, 0x000001ad853e6800,
0x000001ad853e4800, 0x000001ad853e6000, 0x000001ad853e7800, 0x000001ad853e8800,
0x000001ad853e9000, 0x000001ad853eb000, 0x000001ad853ea000, 0x000001ad853e5000,
0x000001ad856f7800, 0x000001ad856f9000, 0x000001ad856f8000, 0x000001ad856f6800,
0x000001ad856f3800, 0x000001ad856fa000, 0x000001ad856f5000, 0x000001ad856f5800,
0x000001ad856f4000, 0x000001ad856fb800, 0x000001ad856fc800, 0x000001ad856fd000,
0x000001ad895c8800
}

Java Threads: ( => current thread )
  0x000001ade281b000 JavaThread "main" [_thread_blocked, id=9848, stack(0x0000005163d00000,0x0000005163e00000)]
  0x000001adfd93a000 JavaThread "Reference Handler" daemon [_thread_blocked, id=8684, stack(0x0000005164400000,0x0000005164500000)]
  0x000001adfe16d000 JavaThread "Finalizer" daemon [_thread_blocked, id=13516, stack(0x0000005164500000,0x0000005164600000)]
  0x000001adfe188000 JavaThread "Signal Dispatcher" daemon [_thread_blocked, id=6636, stack(0x0000005164600000,0x0000005164700000)]
  0x000001adfe18c000 JavaThread "Attach Listener" daemon [_thread_blocked, id=820, stack(0x0000005164700000,0x0000005164800000)]
  0x000001adfe18d800 JavaThread "Service Thread" daemon [_thread_blocked, id=8416, stack(0x0000005164800000,0x0000005164900000)]
  0x000001adfe18f800 JavaThread "C2 CompilerThread0" daemon [_thread_blocked, id=3424, stack(0x0000005164900000,0x0000005164a00000)]
  0x000001adfe1d8000 JavaThread "C1 CompilerThread0" daemon [_thread_blocked, id=13896, stack(0x0000005164a00000,0x0000005164b00000)]
  0x000001adfe1da800 JavaThread "Sweeper thread" daemon [_thread_blocked, id=11000, stack(0x0000005164b00000,0x0000005164c00000)]
  0x000001adfe356800 JavaThread "Common-Cleaner" daemon [_thread_blocked, id=11844, stack(0x0000005164c00000,0x0000005164d00000)]
  0x000001adffa9e800 JavaThread "Daemon health stats" [_thread_blocked, id=6372, stack(0x0000005165400000,0x0000005165500000)]
  0x000001adfe67d800 JavaThread "Incoming local TCP Connector on port 52545" [_thread_in_native, id=6116, stack(0x0000005164e00000,0x0000005164f00000)]
  0x000001ad80821000 JavaThread "Daemon periodic checks" [_thread_blocked, id=8660, stack(0x0000005164f00000,0x0000005165000000)]
  0x000001ad80928000 JavaThread "Daemon" [_thread_blocked, id=5152, stack(0x0000005165500000,0x0000005165600000)]
  0x000001ad804be800 JavaThread "Handler for socket connection from /127.0.0.1:52545 to /127.0.0.1:52546" [_thread_in_native, id=5324, stack(0x0000005165600000,0x0000005165700000)]
  0x000001ad809cd000 JavaThread "Cancel handler" [_thread_blocked, id=5800, stack(0x0000005165700000,0x0000005165800000)]
  0x000001ad80851000 JavaThread "Daemon worker" [_thread_blocked, id=5536, stack(0x0000005165800000,0x0000005165900000)]
  0x000001ad807fb800 JavaThread "Asynchronous log dispatcher for DefaultDaemonConnection: socket connection from /127.0.0.1:52545 to /127.0.0.1:52546" [_thread_blocked, id=1656, stack(0x0000005165900000,0x0000005165a00000)]
  0x000001ad80cc3000 JavaThread "Stdin handler" [_thread_blocked, id=11516, stack(0x0000005165a00000,0x0000005165b00000)]
  0x000001ad80da2000 JavaThread "Daemon client event forwarder" [_thread_blocked, id=3812, stack(0x0000005165b00000,0x0000005165c00000)]
  0x000001ad8045b000 JavaThread "Cache worker for journal cache (C:\Users\Anton\.gradle\caches\journal-1)" [_thread_blocked, id=9284, stack(0x0000005165c00000,0x0000005165d00000)]
  0x000001ad8045a800 JavaThread "File lock request listener" [_thread_in_native, id=9388, stack(0x0000005165d00000,0x0000005165e00000)]
  0x000001ad8045c000 JavaThread "Cache worker for file hash cache (C:\Users\Anton\.gradle\caches\7.3.3\fileHashes)" [_thread_blocked, id=12972, stack(0x0000005166500000,0x0000005166600000)]
=>0x000001ad81d7a800 JavaThread "C2 CompilerThread1" daemon [_thread_in_native, id=11088, stack(0x0000005166600000,0x0000005166700000)]
  0x000001ad80459800 JavaThread "Cache worker for file hash cache (C:\Users\Anton\Documents\GitHub\MyApp19\.gradle\7.3.3\fileHashes)" [_thread_blocked, id=7916, stack(0x0000005166700000,0x0000005166800000)]
  0x000001ad81f89000 JavaThread "File watcher server" daemon [_thread_in_native, id=11680, stack(0x0000005166800000,0x0000005166900000)]
  0x000001ad81f87800 JavaThread "File watcher consumer" daemon [_thread_blocked, id=6304, stack(0x0000005166900000,0x0000005166a00000)]
  0x000001ad81f88000 JavaThread "jar transforms" [_thread_blocked, id=8456, stack(0x0000005166a00000,0x0000005166b00000)]
  0x000001ad81f85000 JavaThread "jar transforms Thread 2" [_thread_blocked, id=13248, stack(0x0000005166b00000,0x0000005166c00000)]
  0x000001ad81f8b800 JavaThread "jar transforms Thread 3" [_thread_blocked, id=3880, stack(0x0000005166c00000,0x0000005166d00000)]
  0x000001ad81f8a000 JavaThread "jar transforms Thread 4" [_thread_blocked, id=10356, stack(0x0000005166d00000,0x0000005166e00000)]
  0x000001ad81f86800 JavaThread "jar transforms Thread 5" [_thread_blocked, id=14180, stack(0x0000005166e00000,0x0000005166f00000)]
  0x000001ad81f85800 JavaThread "jar transforms Thread 6" [_thread_blocked, id=7620, stack(0x0000005166f00000,0x0000005167000000)]
  0x000001ad81f8c000 JavaThread "jar transforms Thread 7" [_thread_blocked, id=1248, stack(0x0000005167000000,0x0000005167100000)]
  0x000001ad81f8d000 JavaThread "jar transforms Thread 8" [_thread_blocked, id=6588, stack(0x0000005167100000,0x0000005167200000)]
  0x000001ad81f8f800 JavaThread "jar transforms Thread 9" [_thread_blocked, id=2300, stack(0x0000005167200000,0x0000005167300000)]
  0x000001ad81f90800 JavaThread "jar transforms Thread 10" [_thread_blocked, id=12660, stack(0x0000005167300000,0x0000005167400000)]
  0x000001ad81f8a800 JavaThread "jar transforms Thread 11" [_thread_blocked, id=13652, stack(0x0000005167400000,0x0000005167500000)]
  0x000001ad81f8e800 JavaThread "jar transforms Thread 12" [_thread_blocked, id=13676, stack(0x0000005167500000,0x0000005167600000)]
  0x000001ad82398800 JavaThread "C2 CompilerThread2" daemon [_thread_in_native, id=12996, stack(0x0000005167600000,0x0000005167700000)]
  0x000001ad81f91000 JavaThread "Cache worker for checksums cache (C:\Users\Anton\Documents\GitHub\MyApp19\.gradle\7.3.3\checksums)" [_thread_blocked, id=11316, stack(0x0000005167700000,0x0000005167800000)]
  0x000001ad81f93800 JavaThread "Cache worker for cache directory md-supplier (C:\Users\Anton\.gradle\caches\7.3.3\md-supplier)" [_thread_blocked, id=3832, stack(0x0000005167800000,0x0000005167900000)]
  0x000001ad81f8e000 JavaThread "Cache worker for cache directory md-rule (C:\Users\Anton\.gradle\caches\7.3.3\md-rule)" [_thread_blocked, id=14168, stack(0x0000005167900000,0x0000005167a00000)]
  0x000001ad81f92000 JavaThread "Cache worker for execution history cache (C:\Users\Anton\.gradle\caches\7.3.3\executionHistory)" [_thread_blocked, id=14280, stack(0x0000005167a00000,0x0000005167b00000)]
  0x000001ad81f93000 JavaThread "Cache worker for file content cache (C:\Users\Anton\.gradle\caches\7.3.3\fileContent)" [_thread_blocked, id=1716, stack(0x0000005167b00000,0x0000005167c00000)]
  0x000001ad8459b000 JavaThread "Cache worker for dependencies-accessors (C:\Users\Anton\Documents\GitHub\MyApp19\.gradle\7.3.3\dependencies-accessors)" [_thread_blocked, id=13292, stack(0x0000005167d00000,0x0000005167e00000)]
  0x000001ad8459c800 JavaThread "Cache worker for Build Output Cleanup Cache (C:\Users\Anton\Documents\GitHub\MyApp19\.gradle\buildOutputCleanup)" [_thread_blocked, id=13748, stack(0x0000005167e00000,0x0000005167f00000)]
  0x000001ad84599000 JavaThread "Unconstrained build operations" [_thread_blocked, id=900, stack(0x0000005167f00000,0x0000005168000000)]
  0x000001ad8459d800 JavaThread "Unconstrained build operations Thread 2" [_thread_blocked, id=11460, stack(0x0000005168000000,0x0000005168100000)]
  0x000001ad84597800 JavaThread "Unconstrained build operations Thread 3" [_thread_blocked, id=2548, stack(0x0000005168100000,0x0000005168200000)]
  0x000001ad8459e000 JavaThread "Unconstrained build operations Thread 4" [_thread_blocked, id=11664, stack(0x0000005168200000,0x0000005168300000)]
  0x000001ad84598800 JavaThread "Unconstrained build operations Thread 5" [_thread_blocked, id=5520, stack(0x0000005168300000,0x0000005168400000)]
  0x000001ad845a4000 JavaThread "Unconstrained build operations Thread 6" [_thread_blocked, id=11324, stack(0x0000005168400000,0x0000005168500000)]
  0x000001ad845a2000 JavaThread "Unconstrained build operations Thread 7" [_thread_blocked, id=11692, stack(0x0000005168500000,0x0000005168600000)]
  0x000001ad845a4800 JavaThread "Unconstrained build operations Thread 8" [_thread_blocked, id=13688, stack(0x0000005168600000,0x0000005168700000)]
  0x000001ad845a3000 JavaThread "Unconstrained build operations Thread 9" [_thread_blocked, id=10268, stack(0x0000005168700000,0x0000005168800000)]
  0x000001ad845a0000 JavaThread "Unconstrained build operations Thread 10" [_thread_blocked, id=4188, stack(0x0000005168800000,0x0000005168900000)]
  0x000001ad8459f000 JavaThread "Unconstrained build operations Thread 11" [_thread_blocked, id=992, stack(0x0000005168900000,0x0000005168a00000)]
  0x000001ad845a0800 JavaThread "Unconstrained build operations Thread 12" [_thread_blocked, id=10064, stack(0x0000005168a00000,0x0000005168b00000)]
  0x000001ad845a5800 JavaThread "Unconstrained build operations Thread 13" [_thread_blocked, id=14240, stack(0x0000005168b00000,0x0000005168c00000)]
  0x000001ad845a6800 JavaThread "Unconstrained build operations Thread 14" [_thread_blocked, id=3600, stack(0x0000005168c00000,0x0000005168d00000)]
  0x000001ad845a1800 JavaThread "Unconstrained build operations Thread 15" [_thread_blocked, id=7996, stack(0x0000005168d00000,0x0000005168e00000)]
  0x000001ad8397c000 JavaThread "Unconstrained build operations Thread 16" [_thread_blocked, id=7888, stack(0x0000005168e00000,0x0000005168f00000)]
  0x000001ad8397b800 JavaThread "Unconstrained build operations Thread 17" [_thread_blocked, id=12136, stack(0x0000005168f00000,0x0000005169000000)]
  0x000001ad8397a800 JavaThread "Unconstrained build operations Thread 18" [_thread_blocked, id=13644, stack(0x0000005169000000,0x0000005169100000)]
  0x000001ad83977000 JavaThread "Unconstrained build operations Thread 19" [_thread_in_native, id=13480, stack(0x0000005169100000,0x0000005169200000)]
  0x000001ad83976800 JavaThread "Unconstrained build operations Thread 20" [_thread_blocked, id=2748, stack(0x0000005169200000,0x0000005169300000)]
  0x000001ad83978000 JavaThread "Unconstrained build operations Thread 21" [_thread_blocked, id=9208, stack(0x0000005169300000,0x0000005169400000)]
  0x000001ad83979800 JavaThread "Unconstrained build operations Thread 22" [_thread_blocked, id=12728, stack(0x0000005169400000,0x0000005169500000)]
  0x000001ad8397d000 JavaThread "Unconstrained build operations Thread 23" [_thread_blocked, id=14008, stack(0x0000005169500000,0x0000005169600000)]
  0x000001ad8397d800 JavaThread "Unconstrained build operations Thread 24" [_thread_blocked, id=8672, stack(0x0000005169600000,0x0000005169700000)]
  0x000001ad8397e800 JavaThread "Unconstrained build operations Thread 25" [_thread_blocked, id=8668, stack(0x0000005169700000,0x0000005169800000)]
  0x000001ad83979000 JavaThread "Unconstrained build operations Thread 26" [_thread_blocked, id=9104, stack(0x0000005169800000,0x0000005169900000)]
  0x000001ad83983800 JavaThread "Unconstrained build operations Thread 27" [_thread_blocked, id=10024, stack(0x0000005169900000,0x0000005169a00000)]
  0x000001ad83982800 JavaThread "Unconstrained build operations Thread 28" [_thread_blocked, id=4816, stack(0x0000005169a00000,0x0000005169b00000)]
  0x000001ad8397f800 JavaThread "Unconstrained build operations Thread 29" [_thread_blocked, id=808, stack(0x0000005169b00000,0x0000005169c00000)]
  0x000001ad83984000 JavaThread "Unconstrained build operations Thread 30" [_thread_blocked, id=7712, stack(0x0000005169c00000,0x0000005169d00000)]
  0x000001ad83981000 JavaThread "Unconstrained build operations Thread 31" [_thread_blocked, id=13316, stack(0x0000005169d00000,0x0000005169e00000)]
  0x000001ad83985000 JavaThread "Unconstrained build operations Thread 32" [_thread_blocked, id=6368, stack(0x0000005169e00000,0x0000005169f00000)]
  0x000001ad83982000 JavaThread "Unconstrained build operations Thread 33" [_thread_blocked, id=11564, stack(0x0000005169f00000,0x000000516a000000)]
  0x000001ad83980000 JavaThread "Unconstrained build operations Thread 34" [_thread_blocked, id=11144, stack(0x000000516a000000,0x000000516a100000)]
  0x000001ad83a73800 JavaThread "Unconstrained build operations Thread 35" [_thread_blocked, id=12260, stack(0x000000516a100000,0x000000516a200000)]
  0x000001ad83a74000 JavaThread "Unconstrained build operations Thread 36" [_thread_blocked, id=11672, stack(0x000000516a200000,0x000000516a300000)]
  0x000001ad83a7a000 JavaThread "Unconstrained build operations Thread 37" [_thread_blocked, id=5936, stack(0x000000516a300000,0x000000516a400000)]
  0x000001ad83a77800 JavaThread "Unconstrained build operations Thread 38" [_thread_blocked, id=11112, stack(0x000000516a400000,0x000000516a500000)]
  0x000001ad83a75800 JavaThread "Unconstrained build operations Thread 39" [_thread_blocked, id=11996, stack(0x000000516a500000,0x000000516a600000)]
  0x000001ad83a76800 JavaThread "Unconstrained build operations Thread 40" [_thread_blocked, id=5196, stack(0x000000516a600000,0x000000516a700000)]
  0x000001ad83a78000 JavaThread "Unconstrained build operations Thread 41" [_thread_blocked, id=1268, stack(0x000000516a700000,0x000000516a800000)]
  0x000001ad83a79000 JavaThread "Unconstrained build operations Thread 42" [_thread_blocked, id=8352, stack(0x000000516a800000,0x000000516a900000)]
  0x000001ad83a7a800 JavaThread "Unconstrained build operations Thread 43" [_thread_blocked, id=5564, stack(0x000000516a900000,0x000000516aa00000)]
  0x000001ad83a75000 JavaThread "Unconstrained build operations Thread 44" [_thread_blocked, id=7232, stack(0x000000516aa00000,0x000000516ab00000)]
  0x000001ad83a7c800 JavaThread "Unconstrained build operations Thread 45" [_thread_blocked, id=14184, stack(0x000000516ab00000,0x000000516ac00000)]
  0x000001ad83a81000 JavaThread "Unconstrained build operations Thread 46" [_thread_blocked, id=3200, stack(0x000000516ac00000,0x000000516ad00000)]
  0x000001ad83a80800 JavaThread "Unconstrained build operations Thread 47" [_thread_blocked, id=11636, stack(0x000000516ad00000,0x000000516ae00000)]
  0x000001ad83a7e800 JavaThread "Unconstrained build operations Thread 48" [_thread_blocked, id=7912, stack(0x000000516ae00000,0x000000516af00000)]
  0x000001ad83a7b800 JavaThread "Unconstrained build operations Thread 49" [_thread_blocked, id=1724, stack(0x000000516af00000,0x000000516b000000)]
  0x000001ad83a82000 JavaThread "Unconstrained build operations Thread 50" [_thread_blocked, id=3876, stack(0x000000516b000000,0x000000516b100000)]
  0x000001ad83a7d000 JavaThread "Unconstrained build operations Thread 51" [_thread_blocked, id=11292, stack(0x000000516b100000,0x000000516b200000)]
  0x000001ad83a7f800 JavaThread "Unconstrained build operations Thread 52" [_thread_blocked, id=13660, stack(0x000000516b200000,0x000000516b300000)]
  0x000001ad83a7e000 JavaThread "Unconstrained build operations Thread 53" [_thread_blocked, id=11668, stack(0x000000516b300000,0x000000516b400000)]
  0x000001ad83d2c000 JavaThread "Unconstrained build operations Thread 54" [_thread_blocked, id=9136, stack(0x000000516b400000,0x000000516b500000)]
  0x000001ad83d27000 JavaThread "Unconstrained build operations Thread 55" [_thread_blocked, id=6556, stack(0x000000516b500000,0x000000516b600000)]
  0x000001ad83d2d000 JavaThread "Unconstrained build operations Thread 56" [_thread_blocked, id=7548, stack(0x000000516b600000,0x000000516b700000)]
  0x000001ad83d2d800 JavaThread "Unconstrained build operations Thread 57" [_thread_blocked, id=12196, stack(0x000000516b700000,0x000000516b800000)]
  0x000001ad83d28000 JavaThread "Unconstrained build operations Thread 58" [_thread_blocked, id=4116, stack(0x000000516b800000,0x000000516b900000)]
  0x000001ad83d29000 JavaThread "Unconstrained build operations Thread 59" [_thread_blocked, id=11656, stack(0x000000516b900000,0x000000516ba00000)]
  0x000001ad83d29800 JavaThread "Unconstrained build operations Thread 60" [_thread_blocked, id=3500, stack(0x000000516ba00000,0x000000516bb00000)]
  0x000001ad83d2a800 JavaThread "Unconstrained build operations Thread 61" [_thread_blocked, id=6996, stack(0x000000516bb00000,0x000000516bc00000)]
  0x000001ad83d2b800 JavaThread "Unconstrained build operations Thread 62" [_thread_blocked, id=304, stack(0x000000516bc00000,0x000000516bd00000)]
  0x000001ad815db800 JavaThread "Unconstrained build operations Thread 63" [_thread_blocked, id=10668, stack(0x000000516bd00000,0x000000516be00000)]
  0x000001ad815d7800 JavaThread "Unconstrained build operations Thread 64" [_thread_blocked, id=7816, stack(0x000000516be00000,0x000000516bf00000)]
  0x000001ad815dc800 JavaThread "Unconstrained build operations Thread 65" [_thread_blocked, id=8560, stack(0x000000516bf00000,0x000000516c000000)]
  0x000001ad815d6800 JavaThread "Unconstrained build operations Thread 66" [_thread_blocked, id=14288, stack(0x000000516c000000,0x000000516c100000)]
  0x000001ad815de000 JavaThread "Unconstrained build operations Thread 67" [_thread_blocked, id=7000, stack(0x000000516c100000,0x000000516c200000)]
  0x000001ad815da800 JavaThread "Unconstrained build operations Thread 68" [_thread_blocked, id=6456, stack(0x000000516c200000,0x000000516c300000)]
  0x000001ad815d8000 JavaThread "Unconstrained build operations Thread 69" [_thread_blocked, id=8336, stack(0x000000516c300000,0x000000516c400000)]
  0x000001ad815dd000 JavaThread "Unconstrained build operations Thread 70" [_thread_blocked, id=11876, stack(0x000000516c400000,0x000000516c500000)]
  0x000001ad815df000 JavaThread "Unconstrained build operations Thread 71" [_thread_blocked, id=2396, stack(0x000000516c500000,0x000000516c600000)]
  0x000001ad815d9000 JavaThread "Unconstrained build operations Thread 72" [_thread_blocked, id=12420, stack(0x000000516c600000,0x000000516c700000)]
  0x000001ad815df800 JavaThread "Unconstrained build operations Thread 73" [_thread_blocked, id=2736, stack(0x000000516c700000,0x000000516c800000)]
  0x000001ad815da000 JavaThread "Unconstrained build operations Thread 74" [_thread_blocked, id=12680, stack(0x000000516c800000,0x000000516c900000)]
  0x000001ad815e5800 JavaThread "Unconstrained build operations Thread 75" [_thread_blocked, id=14212, stack(0x000000516c900000,0x000000516ca00000)]
  0x000001ad815e2000 JavaThread "Unconstrained build operations Thread 76" [_thread_blocked, id=11020, stack(0x000000516ca00000,0x000000516cb00000)]
  0x000001ad815e4800 JavaThread "Unconstrained build operations Thread 77" [_thread_blocked, id=6340, stack(0x000000516cb00000,0x000000516cc00000)]
  0x000001ad815e1000 JavaThread "Unconstrained build operations Thread 78" [_thread_blocked, id=10468, stack(0x000000516cc00000,0x000000516cd00000)]
  0x000001ad815e3000 JavaThread "Unconstrained build operations Thread 79" [_thread_blocked, id=828, stack(0x000000516cd00000,0x000000516ce00000)]
  0x000001ad815e3800 JavaThread "Unconstrained build operations Thread 80" [_thread_blocked, id=7516, stack(0x000000516ce00000,0x000000516cf00000)]
  0x000001ad815e0800 JavaThread "Unconstrained build operations Thread 81" [_thread_blocked, id=9120, stack(0x000000516cf00000,0x000000516d000000)]
  0x000001ad8583c000 JavaThread "Unconstrained build operations Thread 82" [_thread_blocked, id=11852, stack(0x000000516d000000,0x000000516d100000)]
  0x000001ad8583e800 JavaThread "Unconstrained build operations Thread 83" [_thread_blocked, id=6940, stack(0x000000516d100000,0x000000516d200000)]
  0x000001ad8583f000 JavaThread "Unconstrained build operations Thread 84" [_thread_blocked, id=920, stack(0x000000516d200000,0x000000516d300000)]
  0x000001ad8583d800 JavaThread "Unconstrained build operations Thread 85" [_thread_blocked, id=8744, stack(0x000000516d300000,0x000000516d400000)]
  0x000001ad85839800 JavaThread "Unconstrained build operations Thread 86" [_thread_blocked, id=980, stack(0x000000516d400000,0x000000516d500000)]
  0x000001ad8583d000 JavaThread "Unconstrained build operations Thread 87" [_thread_blocked, id=9972, stack(0x000000516d500000,0x000000516d600000)]
  0x000001ad85840000 JavaThread "Unconstrained build operations Thread 88" [_thread_blocked, id=520, stack(0x000000516d600000,0x000000516d700000)]
  0x000001ad8583a800 JavaThread "Unconstrained build operations Thread 89" [_thread_blocked, id=8612, stack(0x000000516d700000,0x000000516d800000)]
  0x000001ad85841000 JavaThread "Unconstrained build operations Thread 90" [_thread_blocked, id=14304, stack(0x000000516d800000,0x000000516d900000)]
  0x000001ad8583b000 JavaThread "Unconstrained build operations Thread 91" [_thread_blocked, id=11008, stack(0x000000516d900000,0x000000516da00000)]
  0x000001ad85846000 JavaThread "Unconstrained build operations Thread 92" [_thread_blocked, id=528, stack(0x000000516da00000,0x000000516db00000)]
  0x000001ad85843800 JavaThread "Unconstrained build operations Thread 93" [_thread_blocked, id=14272, stack(0x000000516db00000,0x000000516dc00000)]
  0x000001ad85846800 JavaThread "Unconstrained build operations Thread 94" [_thread_blocked, id=7540, stack(0x000000516dc00000,0x000000516dd00000)]
  0x000001ad85845000 JavaThread "Unconstrained build operations Thread 95" [_thread_blocked, id=1064, stack(0x000000516dd00000,0x000000516de00000)]
  0x000001ad85847800 JavaThread "Unconstrained build operations Thread 96" [_thread_blocked, id=14136, stack(0x000000516de00000,0x000000516df00000)]
  0x000001ad85841800 JavaThread "Unconstrained build operations Thread 97" [_thread_blocked, id=6452, stack(0x000000516df00000,0x000000516e000000)]
  0x000001ad85848000 JavaThread "Unconstrained build operations Thread 98" [_thread_blocked, id=3192, stack(0x000000516e000000,0x000000516e100000)]
  0x000001ad85844000 JavaThread "Unconstrained build operations Thread 99" [_thread_blocked, id=10680, stack(0x000000516e100000,0x000000516e200000)]
  0x000001ad85842800 JavaThread "Unconstrained build operations Thread 100" [_thread_blocked, id=6396, stack(0x000000516e200000,0x000000516e300000)]
  0x000001ad853e6800 JavaThread "Unconstrained build operations Thread 101" [_thread_blocked, id=6624, stack(0x000000516e300000,0x000000516e400000)]
  0x000001ad853e4800 JavaThread "Unconstrained build operations Thread 102" [_thread_blocked, id=3068, stack(0x000000516e400000,0x000000516e500000)]
  0x000001ad853e6000 JavaThread "Unconstrained build operations Thread 103" [_thread_blocked, id=14252, stack(0x000000516e500000,0x000000516e600000)]
  0x000001ad853e7800 JavaThread "Unconstrained build operations Thread 104" [_thread_blocked, id=14324, stack(0x000000516e600000,0x000000516e700000)]
  0x000001ad853e8800 JavaThread "Unconstrained build operations Thread 105" [_thread_blocked, id=13076, stack(0x000000516e700000,0x000000516e800000)]
  0x000001ad853e9000 JavaThread "Unconstrained build operations Thread 106" [_thread_blocked, id=13560, stack(0x000000516e800000,0x000000516e900000)]
  0x000001ad853eb000 JavaThread "Unconstrained build operations Thread 107" [_thread_blocked, id=7148, stack(0x000000516e900000,0x000000516ea00000)]
  0x000001ad853ea000 JavaThread "Unconstrained build operations Thread 108" [_thread_blocked, id=12552, stack(0x000000516ea00000,0x000000516eb00000)]
  0x000001ad853e5000 JavaThread "Unconstrained build operations Thread 109" [_thread_in_native, id=9032, stack(0x000000516eb00000,0x000000516ec00000)]
  0x000001ad856f7800 JavaThread "Unconstrained build operations Thread 110" [_thread_blocked, id=6908, stack(0x000000516ec00000,0x000000516ed00000)]
  0x000001ad856f9000 JavaThread "Unconstrained build operations Thread 111" [_thread_blocked, id=13600, stack(0x000000516ed00000,0x000000516ee00000)]
  0x000001ad856f8000 JavaThread "Unconstrained build operations Thread 112" [_thread_blocked, id=14296, stack(0x000000516ee00000,0x000000516ef00000)]
  0x000001ad856f6800 JavaThread "Unconstrained build operations Thread 113" [_thread_blocked, id=6632, stack(0x000000516ef00000,0x000000516f000000)]
  0x000001ad856f3800 JavaThread "Unconstrained build operations Thread 114" [_thread_blocked, id=7780, stack(0x000000516f000000,0x000000516f100000)]
  0x000001ad856fa000 JavaThread "Unconstrained build operations Thread 115" [_thread_blocked, id=8128, stack(0x000000516f100000,0x000000516f200000)]
  0x000001ad856f5000 JavaThread "Unconstrained build operations Thread 116" [_thread_blocked, id=12664, stack(0x000000516f200000,0x000000516f300000)]
  0x000001ad856f5800 JavaThread "Unconstrained build operations Thread 117" [_thread_blocked, id=8640, stack(0x000000516f300000,0x000000516f400000)]
  0x000001ad856f4000 JavaThread "Unconstrained build operations Thread 118" [_thread_blocked, id=4952, stack(0x000000516f400000,0x000000516f500000)]
  0x000001ad856fb800 JavaThread "Unconstrained build operations Thread 119" [_thread_blocked, id=3780, stack(0x000000516f500000,0x000000516f600000)]
  0x000001ad856fc800 JavaThread "Unconstrained build operations Thread 120" [_thread_blocked, id=11520, stack(0x000000516f600000,0x000000516f700000)]
  0x000001ad856fd000 JavaThread "Memory manager" [_thread_blocked, id=12496, stack(0x000000516f700000,0x000000516f800000)]
  0x000001ad895c8800 JavaThread "Cache worker for execution history cache (C:\Users\Anton\Documents\GitHub\MyApp19\.gradle\7.3.3\executionHistory)" [_thread_blocked, id=3336, stack(0x0000005170300000,0x0000005170400000)]

Other Threads:
  0x000001adfe16a800 VMThread "VM Thread" [stack: 0x0000005164300000,0x0000005164400000] [id=3496]
  0x000001adfe377800 WatcherThread [stack: 0x0000005164d00000,0x0000005164e00000] [id=11364]
  0x000001ade2834800 GCTaskThread "GC Thread#0" [stack: 0x0000005163e00000,0x0000005163f00000] [id=2880]
  0x000001adff035000 GCTaskThread "GC Thread#1" [stack: 0x0000005165000000,0x0000005165100000] [id=11468]
  0x000001adfe737800 GCTaskThread "GC Thread#2" [stack: 0x0000005165100000,0x0000005165200000] [id=6156]
  0x000001adfecf0000 GCTaskThread "GC Thread#3" [stack: 0x0000005165200000,0x0000005165300000] [id=11308]
  0x000001adfef5e000 GCTaskThread "GC Thread#4" [stack: 0x0000005165300000,0x0000005165400000] [id=11280]
  0x000001adffd35000 GCTaskThread "GC Thread#5" [stack: 0x0000005165e00000,0x0000005165f00000] [id=8900]
  0x000001ad814d5800 GCTaskThread "GC Thread#6" [stack: 0x0000005165f00000,0x0000005166000000] [id=13020]
  0x000001ad80689000 GCTaskThread "GC Thread#7" [stack: 0x0000005166000000,0x0000005166100000] [id=7584]
  0x000001ad81c58800 GCTaskThread "GC Thread#8" [stack: 0x0000005166100000,0x0000005166200000] [id=13812]
  0x000001ad80b01800 GCTaskThread "GC Thread#9" [stack: 0x0000005166200000,0x0000005166300000] [id=9364]
  0x000001ade2869800 ConcurrentGCThread "G1 Main Marker" [stack: 0x0000005163f00000,0x0000005164000000] [id=14248]
  0x000001ade286d000 ConcurrentGCThread "G1 Conc#0" [stack: 0x0000005164000000,0x0000005164100000] [id=9984]
  0x000001ad80b11800 ConcurrentGCThread "G1 Conc#1" [stack: 0x0000005166300000,0x0000005166400000] [id=11092]
  0x000001ad8058d800 ConcurrentGCThread "G1 Conc#2" [stack: 0x0000005166400000,0x0000005166500000] [id=5844]
  0x000001adfd7b4800 ConcurrentGCThread "G1 Refine#0" [stack: 0x0000005164100000,0x0000005164200000] [id=8180]
  0x000001ad83c31000 ConcurrentGCThread "G1 Refine#1" [stack: 0x0000005167c00000,0x0000005167d00000] [id=9084]
  0x000001adfd7b7800 ConcurrentGCThread "G1 Young RemSet Sampling" [stack: 0x0000005164200000,0x0000005164300000] [id=8760]

Threads with active compile tasks:
C2 CompilerThread1  11718 10947       4       org.gradle.cache.internal.btree.BTreePersistentIndexedCache$IndexBlock::find (140 bytes)
C2 CompilerThread2  11718 10958       4       org.gradle.cache.internal.btree.CachingBlockStore::read (56 bytes)

VM state:not at safepoint (normal execution)

VM Mutex/Monitor currently owned by a thread: None

Heap address: 0x0000000080000000, size: 2048 MB, Compressed Oops mode: 32-bit
Narrow klass base: 0x0000000000000000, Narrow klass shift: 3
Compressed class space size: 1073741824 Address: 0x0000000100000000

Heap:
 garbage-first heap   total 249856K, used 172438K [0x0000000080000000, 0x0000000100000000)
  region size 1024K, 34 young (34816K), 4 survivors (4096K)
 Metaspace       used 98486K, capacity 101163K, committed 101248K, reserved 1136640K
  class space    used 12692K, capacity 13667K, committed 13696K, reserved 1048576K
Heap Regions: E=young(eden), S=young(survivor), O=old, HS=humongous(starts), HC=humongous(continues), CS=collection set, F=free, A=archive, TAMS=top-at-mark-start (previous, next)
|   0|0x0000000080000000, 0x0000000080100000, 0x0000000080100000|100%| O|  |TAMS 0x0000000080100000, 0x0000000080000000| Untracked 
|   1|0x0000000080100000, 0x0000000080200000, 0x0000000080200000|100%| O|  |TAMS 0x0000000080200000, 0x0000000080100000| Untracked 
|   2|0x0000000080200000, 0x0000000080300000, 0x0000000080300000|100%| O|  |TAMS 0x0000000080300000, 0x0000000080200000| Untracked 
|   3|0x0000000080300000, 0x0000000080400000, 0x0000000080400000|100%|HS|  |TAMS 0x0000000080400000, 0x0000000080300000| Complete 
|   4|0x0000000080400000, 0x0000000080500000, 0x0000000080500000|100%|HC|  |TAMS 0x0000000080500000, 0x0000000080400000| Complete 
|   5|0x0000000080500000, 0x0000000080600000, 0x0000000080600000|100%|HC|  |TAMS 0x0000000080600000, 0x0000000080500000| Complete 
|   6|0x0000000080600000, 0x0000000080700000, 0x0000000080700000|100%| O|  |TAMS 0x0000000080700000, 0x0000000080600000| Untracked 
|   7|0x0000000080700000, 0x0000000080800000, 0x0000000080800000|100%| O|  |TAMS 0x0000000080800000, 0x0000000080700000| Untracked 
|   8|0x0000000080800000, 0x0000000080900000, 0x0000000080900000|100%| O|  |TAMS 0x0000000080900000, 0x0000000080800000| Untracked 
|   9|0x0000000080900000, 0x0000000080a00000, 0x0000000080a00000|100%| O|  |TAMS 0x0000000080a00000, 0x0000000080900000| Untracked 
|  10|0x0000000080a00000, 0x0000000080b00000, 0x0000000080b00000|100%| O|  |TAMS 0x0000000080b00000, 0x0000000080a00000| Untracked 
|  11|0x0000000080b00000, 0x0000000080c00000, 0x0000000080c00000|100%| O|  |TAMS 0x0000000080c00000, 0x0000000080b00000| Untracked 
|  12|0x0000000080c00000, 0x0000000080d00000, 0x0000000080d00000|100%| O|  |TAMS 0x0000000080d00000, 0x0000000080c00000| Untracked 
|  13|0x0000000080d00000, 0x0000000080e00000, 0x0000000080e00000|100%| O|  |TAMS 0x0000000080e00000, 0x0000000080d00000| Untracked 
|  14|0x0000000080e00000, 0x0000000080f00000, 0x0000000080f00000|100%| O|  |TAMS 0x0000000080f00000, 0x0000000080e00000| Untracked 
|  15|0x0000000080f00000, 0x0000000081000000, 0x0000000081000000|100%| O|  |TAMS 0x0000000081000000, 0x0000000080f00000| Untracked 
|  16|0x0000000081000000, 0x0000000081100000, 0x0000000081100000|100%| O|  |TAMS 0x0000000081100000, 0x0000000081000000| Untracked 
|  17|0x0000000081100000, 0x0000000081200000, 0x0000000081200000|100%|HS|  |TAMS 0x0000000081200000, 0x0000000081100000| Complete 
|  18|0x0000000081200000, 0x0000000081300000, 0x0000000081300000|100%|HC|  |TAMS 0x0000000081300000, 0x0000000081200000| Complete 
|  19|0x0000000081300000, 0x0000000081400000, 0x0000000081400000|100%|HS|  |TAMS 0x0000000081400000, 0x0000000081300000| Complete 
|  20|0x0000000081400000, 0x0000000081500000, 0x0000000081500000|100%|HC|  |TAMS 0x0000000081500000, 0x0000000081400000| Complete 
|  21|0x0000000081500000, 0x0000000081600000, 0x0000000081600000|100%|HC|  |TAMS 0x0000000081600000, 0x0000000081500000| Complete 
|  22|0x0000000081600000, 0x0000000081700000, 0x0000000081700000|100%|HS|  |TAMS 0x0000000081700000, 0x0000000081600000| Complete 
|  23|0x0000000081700000, 0x0000000081800000, 0x0000000081800000|100%|HC|  |TAMS 0x0000000081800000, 0x0000000081700000| Complete 
|  24|0x0000000081800000, 0x0000000081900000, 0x0000000081900000|100%|HC|  |TAMS 0x0000000081900000, 0x0000000081800000| Complete 
|  25|0x0000000081900000, 0x0000000081a00000, 0x0000000081a00000|100%|HS|  |TAMS 0x0000000081a00000, 0x0000000081900000| Complete 
|  26|0x0000000081a00000, 0x0000000081b00000, 0x0000000081b00000|100%|HC|  |TAMS 0x0000000081b00000, 0x0000000081a00000| Complete 
|  27|0x0000000081b00000, 0x0000000081c00000, 0x0000000081c00000|100%|HC|  |TAMS 0x0000000081c00000, 0x0000000081b00000| Complete 
|  28|0x0000000081c00000, 0x0000000081d00000, 0x0000000081d00000|100%|HC|  |TAMS 0x0000000081d00000, 0x0000000081c00000| Complete 
|  29|0x0000000081d00000, 0x0000000081e00000, 0x0000000081e00000|100%|HC|  |TAMS 0x0000000081e00000, 0x0000000081d00000| Complete 
|  30|0x0000000081e00000, 0x0000000081f00000, 0x0000000081f00000|100%|HS|  |TAMS 0x0000000081f00000, 0x0000000081e00000| Complete 
|  31|0x0000000081f00000, 0x0000000082000000, 0x0000000082000000|100%|HS|  |TAMS 0x0000000082000000, 0x0000000081f00000| Complete 
|  32|0x0000000082000000, 0x0000000082100000, 0x0000000082100000|100%|HC|  |TAMS 0x0000000082100000, 0x0000000082000000| Complete 
|  33|0x0000000082100000, 0x0000000082200000, 0x0000000082200000|100%|HC|  |TAMS 0x0000000082200000, 0x0000000082100000| Complete 
|  34|0x0000000082200000, 0x0000000082300000, 0x0000000082300000|100%|HC|  |TAMS 0x0000000082300000, 0x0000000082200000| Complete 
|  35|0x0000000082300000, 0x0000000082400000, 0x0000000082400000|100%| O|  |TAMS 0x0000000082400000, 0x0000000082300000| Untracked 
|  36|0x0000000082400000, 0x0000000082500000, 0x0000000082500000|100%| O|  |TAMS 0x0000000082500000, 0x0000000082400000| Untracked 
|  37|0x0000000082500000, 0x0000000082600000, 0x0000000082600000|100%| O|  |TAMS 0x0000000082600000, 0x0000000082500000| Untracked 
|  38|0x0000000082600000, 0x0000000082700000, 0x0000000082700000|100%|HS|  |TAMS 0x0000000082700000, 0x0000000082600000| Complete 
|  39|0x0000000082700000, 0x0000000082800000, 0x0000000082800000|100%|HC|  |TAMS 0x0000000082800000, 0x0000000082700000| Complete 
|  40|0x0000000082800000, 0x0000000082900000, 0x0000000082900000|100%|HC|  |TAMS 0x0000000082900000, 0x0000000082800000| Complete 
|  41|0x0000000082900000, 0x0000000082a00000, 0x0000000082a00000|100%|HC|  |TAMS 0x0000000082a00000, 0x0000000082900000| Complete 
|  42|0x0000000082a00000, 0x0000000082b00000, 0x0000000082b00000|100%|HS|  |TAMS 0x0000000082b00000, 0x0000000082a00000| Complete 
|  43|0x0000000082b00000, 0x0000000082c00000, 0x0000000082c00000|100%|HC|  |TAMS 0x0000000082c00000, 0x0000000082b00000| Complete 
|  44|0x0000000082c00000, 0x0000000082d00000, 0x0000000082d00000|100%|HC|  |TAMS 0x0000000082d00000, 0x0000000082c00000| Complete 
|  45|0x0000000082d00000, 0x0000000082e00000, 0x0000000082e00000|100%|HS|  |TAMS 0x0000000082e00000, 0x0000000082d00000| Complete 
|  46|0x0000000082e00000, 0x0000000082f00000, 0x0000000082f00000|100%|HC|  |TAMS 0x0000000082f00000, 0x0000000082e00000| Complete 
|  47|0x0000000082f00000, 0x0000000083000000, 0x0000000083000000|100%|HS|  |TAMS 0x0000000083000000, 0x0000000082f00000| Complete 
|  48|0x0000000083000000, 0x0000000083100000, 0x0000000083100000|100%|HC|  |TAMS 0x0000000083100000, 0x0000000083000000| Complete 
|  49|0x0000000083100000, 0x0000000083200000, 0x0000000083200000|100%|HC|  |TAMS 0x0000000083200000, 0x0000000083100000| Complete 
|  50|0x0000000083200000, 0x0000000083300000, 0x0000000083300000|100%| O|  |TAMS 0x0000000083300000, 0x0000000083200000| Untracked 
|  51|0x0000000083300000, 0x0000000083400000, 0x0000000083400000|100%| O|  |TAMS 0x0000000083400000, 0x0000000083300000| Untracked 
|  52|0x0000000083400000, 0x0000000083500000, 0x0000000083500000|100%| O|  |TAMS 0x0000000083500000, 0x0000000083400000| Untracked 
|  53|0x0000000083500000, 0x0000000083600000, 0x0000000083600000|100%|HS|  |TAMS 0x0000000083600000, 0x0000000083500000| Complete 
|  54|0x0000000083600000, 0x0000000083700000, 0x0000000083700000|100%|HC|  |TAMS 0x0000000083700000, 0x0000000083600000| Complete 
|  55|0x0000000083700000, 0x0000000083800000, 0x0000000083800000|100%|HC|  |TAMS 0x0000000083800000, 0x0000000083700000| Complete 
|  56|0x0000000083800000, 0x0000000083900000, 0x0000000083900000|100%|HC|  |TAMS 0x0000000083900000, 0x0000000083800000| Complete 
|  57|0x0000000083900000, 0x0000000083a00000, 0x0000000083a00000|100%|HC|  |TAMS 0x0000000083a00000, 0x0000000083900000| Complete 
|  58|0x0000000083a00000, 0x0000000083b00000, 0x0000000083b00000|100%| O|  |TAMS 0x0000000083b00000, 0x0000000083a00000| Untracked 
|  59|0x0000000083b00000, 0x0000000083c00000, 0x0000000083c00000|100%| O|  |TAMS 0x0000000083c00000, 0x0000000083b00000| Untracked 
|  60|0x0000000083c00000, 0x0000000083d00000, 0x0000000083d00000|100%| O|  |TAMS 0x0000000083d00000, 0x0000000083c00000| Untracked 
|  61|0x0000000083d00000, 0x0000000083e00000, 0x0000000083e00000|100%| O|  |TAMS 0x0000000083e00000, 0x0000000083d00000| Untracked 
|  62|0x0000000083e00000, 0x0000000083f00000, 0x0000000083f00000|100%| O|  |TAMS 0x0000000083f00000, 0x0000000083e00000| Untracked 
|  63|0x0000000083f00000, 0x0000000084000000, 0x0000000084000000|100%| O|  |TAMS 0x0000000084000000, 0x0000000083f00000| Untracked 
|  64|0x0000000084000000, 0x0000000084100000, 0x0000000084100000|100%| O|  |TAMS 0x0000000084100000, 0x0000000084000000| Untracked 
|  65|0x0000000084100000, 0x0000000084200000, 0x0000000084200000|100%| O|  |TAMS 0x0000000084200000, 0x0000000084100000| Untracked 
|  66|0x0000000084200000, 0x0000000084300000, 0x0000000084300000|100%| O|  |TAMS 0x0000000084300000, 0x0000000084200000| Untracked 
|  67|0x0000000084300000, 0x0000000084400000, 0x0000000084400000|100%| O|  |TAMS 0x0000000084400000, 0x0000000084300000| Untracked 
|  68|0x0000000084400000, 0x0000000084500000, 0x0000000084500000|100%| O|  |TAMS 0x0000000084500000, 0x0000000084400000| Untracked 
|  69|0x0000000084500000, 0x0000000084600000, 0x0000000084600000|100%| O|  |TAMS 0x0000000084600000, 0x0000000084500000| Untracked 
|  70|0x0000000084600000, 0x0000000084700000, 0x0000000084700000|100%| O|  |TAMS 0x0000000084700000, 0x0000000084600000| Untracked 
|  71|0x0000000084700000, 0x0000000084800000, 0x0000000084800000|100%| O|  |TAMS 0x0000000084800000, 0x0000000084700000| Untracked 
|  72|0x0000000084800000, 0x0000000084900000, 0x0000000084900000|100%| O|  |TAMS 0x0000000084900000, 0x0000000084800000| Untracked 
|  73|0x0000000084900000, 0x0000000084a00000, 0x0000000084a00000|100%|HS|  |TAMS 0x0000000084a00000, 0x0000000084900000| Complete 
|  74|0x0000000084a00000, 0x0000000084b00000, 0x0000000084b00000|100%|HS|  |TAMS 0x0000000084b00000, 0x0000000084a00000| Complete 
|  75|0x0000000084b00000, 0x0000000084c00000, 0x0000000084c00000|100%|HS|  |TAMS 0x0000000084c00000, 0x0000000084b00000| Complete 
|  76|0x0000000084c00000, 0x0000000084d00000, 0x0000000084d00000|100%|HC|  |TAMS 0x0000000084d00000, 0x0000000084c00000| Complete 
|  77|0x0000000084d00000, 0x0000000084e00000, 0x0000000084e00000|100%| O|  |TAMS 0x0000000084e00000, 0x0000000084d00000| Untracked 
|  78|0x0000000084e00000, 0x0000000084f00000, 0x0000000084f00000|100%| O|  |TAMS 0x0000000084f00000, 0x0000000084e00000| Untracked 
|  79|0x0000000084f00000, 0x0000000085000000, 0x0000000085000000|100%| O|  |TAMS 0x0000000085000000, 0x0000000084f00000| Untracked 
|  80|0x0000000085000000, 0x0000000085100000, 0x0000000085100000|100%| O|  |TAMS 0x0000000085100000, 0x0000000085000000| Untracked 
|  81|0x0000000085100000, 0x0000000085200000, 0x0000000085200000|100%| O|  |TAMS 0x0000000085200000, 0x0000000085100000| Untracked 
|  82|0x0000000085200000, 0x0000000085300000, 0x0000000085300000|100%| O|  |TAMS 0x0000000085300000, 0x0000000085200000| Untracked 
|  83|0x0000000085300000, 0x0000000085400000, 0x0000000085400000|100%|HS|  |TAMS 0x0000000085400000, 0x0000000085300000| Complete 
|  84|0x0000000085400000, 0x0000000085500000, 0x0000000085500000|100%| O|  |TAMS 0x0000000085500000, 0x0000000085400000| Untracked 
|  85|0x0000000085500000, 0x0000000085600000, 0x0000000085600000|100%| O|  |TAMS 0x0000000085600000, 0x0000000085500000| Untracked 
|  86|0x0000000085600000, 0x0000000085700000, 0x0000000085700000|100%| O|  |TAMS 0x0000000085700000, 0x0000000085600000| Untracked 
|  87|0x0000000085700000, 0x0000000085800000, 0x0000000085800000|100%| O|  |TAMS 0x0000000085800000, 0x0000000085700000| Untracked 
|  88|0x0000000085800000, 0x0000000085900000, 0x0000000085900000|100%| O|  |TAMS 0x0000000085900000, 0x0000000085800000| Untracked 
|  89|0x0000000085900000, 0x0000000085a00000, 0x0000000085a00000|100%| O|  |TAMS 0x0000000085a00000, 0x0000000085900000| Untracked 
|  90|0x0000000085a00000, 0x0000000085b00000, 0x0000000085b00000|100%| O|  |TAMS 0x0000000085b00000, 0x0000000085a00000| Untracked 
|  91|0x0000000085b00000, 0x0000000085c00000, 0x0000000085c00000|100%|HS|  |TAMS 0x0000000085c00000, 0x0000000085b00000| Complete 
|  92|0x0000000085c00000, 0x0000000085d00000, 0x0000000085d00000|100%|HC|  |TAMS 0x0000000085d00000, 0x0000000085c00000| Complete 
|  93|0x0000000085d00000, 0x0000000085e00000, 0x0000000085e00000|100%|HS|  |TAMS 0x0000000085e00000, 0x0000000085d00000| Complete 
|  94|0x0000000085e00000, 0x0000000085f00000, 0x0000000085f00000|100%|HC|  |TAMS 0x0000000085f00000, 0x0000000085e00000| Complete 
|  95|0x0000000085f00000, 0x0000000086000000, 0x0000000086000000|100%|HC|  |TAMS 0x0000000086000000, 0x0000000085f00000| Complete 
|  96|0x0000000086000000, 0x0000000086100000, 0x0000000086100000|100%|HS|  |TAMS 0x0000000086100000, 0x0000000086000000| Complete 
|  97|0x0000000086100000, 0x0000000086200000, 0x0000000086200000|100%|HC|  |TAMS 0x0000000086200000, 0x0000000086100000| Complete 
|  98|0x0000000086200000, 0x0000000086300000, 0x0000000086300000|100%|HC|  |TAMS 0x0000000086300000, 0x0000000086200000| Complete 
|  99|0x0000000086300000, 0x0000000086400000, 0x0000000086400000|100%|HS|  |TAMS 0x0000000086400000, 0x0000000086300000| Complete 
| 100|0x0000000086400000, 0x0000000086500000, 0x0000000086500000|100%|HC|  |TAMS 0x0000000086500000, 0x0000000086400000| Complete 
| 101|0x0000000086500000, 0x0000000086600000, 0x0000000086600000|100%|HC|  |TAMS 0x0000000086600000, 0x0000000086500000| Complete 
| 102|0x0000000086600000, 0x0000000086700000, 0x0000000086700000|100%|HC|  |TAMS 0x0000000086700000, 0x0000000086600000| Complete 
| 103|0x0000000086700000, 0x0000000086800000, 0x0000000086800000|100%|HC|  |TAMS 0x0000000086800000, 0x0000000086700000| Complete 
| 104|0x0000000086800000, 0x0000000086900000, 0x0000000086900000|100%|HS|  |TAMS 0x0000000086900000, 0x0000000086800000| Complete 
| 105|0x0000000086900000, 0x0000000086a00000, 0x0000000086a00000|100%|HC|  |TAMS 0x0000000086a00000, 0x0000000086900000| Complete 
| 106|0x0000000086a00000, 0x0000000086b00000, 0x0000000086b00000|100%|HC|  |TAMS 0x0000000086b00000, 0x0000000086a00000| Complete 
| 107|0x0000000086b00000, 0x0000000086c00000, 0x0000000086c00000|100%|HC|  |TAMS 0x0000000086c00000, 0x0000000086b00000| Complete 
| 108|0x0000000086c00000, 0x0000000086d00000, 0x0000000086d00000|100%| O|  |TAMS 0x0000000086d00000, 0x0000000086c00000| Untracked 
| 109|0x0000000086d00000, 0x0000000086e00000, 0x0000000086e00000|100%| O|  |TAMS 0x0000000086e00000, 0x0000000086d00000| Untracked 
| 110|0x0000000086e00000, 0x0000000086f00000, 0x0000000086f00000|100%| O|  |TAMS 0x0000000086f00000, 0x0000000086e00000| Untracked 
| 111|0x0000000086f00000, 0x0000000087000000, 0x0000000087000000|100%| O|  |TAMS 0x0000000087000000, 0x0000000086f00000| Untracked 
| 112|0x0000000087000000, 0x0000000087100000, 0x0000000087100000|100%| O|  |TAMS 0x0000000087100000, 0x0000000087000000| Untracked 
| 113|0x0000000087100000, 0x0000000087200000, 0x0000000087200000|100%| O|  |TAMS 0x0000000087200000, 0x0000000087100000| Untracked 
| 114|0x0000000087200000, 0x0000000087300000, 0x0000000087300000|100%| O|  |TAMS 0x0000000087300000, 0x0000000087200000| Untracked 
| 115|0x0000000087300000, 0x0000000087400000, 0x0000000087400000|100%| O|  |TAMS 0x0000000087400000, 0x0000000087300000| Untracked 
| 116|0x0000000087400000, 0x0000000087500000, 0x0000000087500000|100%| O|  |TAMS 0x0000000087500000, 0x0000000087400000| Untracked 
| 117|0x0000000087500000, 0x0000000087600000, 0x0000000087600000|100%| O|  |TAMS 0x0000000087600000, 0x0000000087500000| Untracked 
| 118|0x0000000087600000, 0x0000000087700000, 0x0000000087700000|100%| O|  |TAMS 0x0000000087700000, 0x0000000087600000| Untracked 
| 119|0x0000000087700000, 0x0000000087800000, 0x0000000087800000|100%| O|  |TAMS 0x0000000087800000, 0x0000000087700000| Untracked 
| 120|0x0000000087800000, 0x0000000087900000, 0x0000000087900000|100%| O|  |TAMS 0x0000000087900000, 0x0000000087800000| Untracked 
| 121|0x0000000087900000, 0x0000000087a00000, 0x0000000087a00000|100%| O|  |TAMS 0x0000000087a00000, 0x0000000087900000| Untracked 
| 122|0x0000000087a00000, 0x0000000087b00000, 0x0000000087b00000|100%| O|  |TAMS 0x0000000087b00000, 0x0000000087a00000| Untracked 
| 123|0x0000000087b00000, 0x0000000087c00000, 0x0000000087c00000|100%| O|  |TAMS 0x0000000087c00000, 0x0000000087b00000| Untracked 
| 124|0x0000000087c00000, 0x0000000087c00000, 0x0000000087d00000|  0%| F|  |TAMS 0x0000000087c00000, 0x0000000087c00000| Untracked 
| 125|0x0000000087d00000, 0x0000000087d00000, 0x0000000087e00000|  0%| F|  |TAMS 0x0000000087d00000, 0x0000000087d00000| Untracked 
| 126|0x0000000087e00000, 0x0000000087f00000, 0x0000000087f00000|100%| O|  |TAMS 0x0000000087f00000, 0x0000000087e00000| Untracked 
| 127|0x0000000087f00000, 0x0000000088000000, 0x0000000088000000|100%| O|  |TAMS 0x0000000088000000, 0x0000000087f00000| Untracked 
| 128|0x0000000088000000, 0x0000000088100000, 0x0000000088100000|100%| O|  |TAMS 0x0000000088100000, 0x0000000088000000| Untracked 
| 129|0x0000000088100000, 0x00000000881a0000, 0x0000000088200000| 62%| O|  |TAMS 0x00000000881a0000, 0x0000000088100000| Untracked 
| 130|0x0000000088200000, 0x0000000088200000, 0x0000000088300000|  0%| F|  |TAMS 0x0000000088200000, 0x0000000088200000| Untracked 
| 131|0x0000000088300000, 0x0000000088400000, 0x0000000088400000|100%| O|  |TAMS 0x0000000088400000, 0x0000000088300000| Untracked 
| 132|0x0000000088400000, 0x0000000088500000, 0x0000000088500000|100%| O|  |TAMS 0x0000000088500000, 0x0000000088400000| Untracked 
| 133|0x0000000088500000, 0x0000000088600000, 0x0000000088600000|100%| O|  |TAMS 0x0000000088600000, 0x0000000088500000| Untracked 
| 134|0x0000000088600000, 0x0000000088700000, 0x0000000088700000|100%| O|  |TAMS 0x0000000088700000, 0x0000000088600000| Untracked 
| 135|0x0000000088700000, 0x0000000088800000, 0x0000000088800000|100%| O|  |TAMS 0x0000000088800000, 0x0000000088700000| Untracked 
| 136|0x0000000088800000, 0x0000000088900000, 0x0000000088900000|100%| O|  |TAMS 0x0000000088900000, 0x0000000088800000| Untracked 
| 137|0x0000000088900000, 0x0000000088a00000, 0x0000000088a00000|100%| O|  |TAMS 0x0000000088a00000, 0x0000000088900000| Untracked 
| 138|0x0000000088a00000, 0x0000000088b00000, 0x0000000088b00000|100%| O|  |TAMS 0x0000000088b00000, 0x0000000088a00000| Untracked 
| 139|0x0000000088b00000, 0x0000000088c00000, 0x0000000088c00000|100%| O|  |TAMS 0x0000000088c00000, 0x0000000088b00000| Untracked 
| 140|0x0000000088c00000, 0x0000000088c00000, 0x0000000088d00000|  0%| F|  |TAMS 0x0000000088c00000, 0x0000000088c00000| Untracked 
| 141|0x0000000088d00000, 0x0000000088d00000, 0x0000000088e00000|  0%| F|  |TAMS 0x0000000088d00000, 0x0000000088d00000| Untracked 
| 142|0x0000000088e00000, 0x0000000088e00000, 0x0000000088f00000|  0%| F|  |TAMS 0x0000000088e00000, 0x0000000088e00000| Untracked 
| 143|0x0000000088f00000, 0x0000000088f00000, 0x0000000089000000|  0%| F|  |TAMS 0x0000000088f00000, 0x0000000088f00000| Untracked 
| 144|0x0000000089000000, 0x0000000089000000, 0x0000000089100000|  0%| F|  |TAMS 0x0000000089000000, 0x0000000089000000| Untracked 
| 145|0x0000000089100000, 0x0000000089100000, 0x0000000089200000|  0%| F|  |TAMS 0x0000000089100000, 0x0000000089100000| Untracked 
| 146|0x0000000089200000, 0x0000000089200000, 0x0000000089300000|  0%| F|  |TAMS 0x0000000089200000, 0x0000000089200000| Untracked 
| 147|0x0000000089300000, 0x0000000089300000, 0x0000000089400000|  0%| F|  |TAMS 0x0000000089300000, 0x0000000089300000| Untracked 
| 148|0x0000000089400000, 0x0000000089400000, 0x0000000089500000|  0%| F|  |TAMS 0x0000000089400000, 0x0000000089400000| Untracked 
| 149|0x0000000089500000, 0x0000000089500000, 0x0000000089600000|  0%| F|  |TAMS 0x0000000089500000, 0x0000000089500000| Untracked 
| 150|0x0000000089600000, 0x0000000089600000, 0x0000000089700000|  0%| F|  |TAMS 0x0000000089600000, 0x0000000089600000| Untracked 
| 151|0x0000000089700000, 0x0000000089700000, 0x0000000089800000|  0%| F|  |TAMS 0x0000000089700000, 0x0000000089700000| Untracked 
| 152|0x0000000089800000, 0x0000000089800000, 0x0000000089900000|  0%| F|  |TAMS 0x0000000089800000, 0x0000000089800000| Untracked 
| 153|0x0000000089900000, 0x0000000089900000, 0x0000000089a00000|  0%| F|  |TAMS 0x0000000089900000, 0x0000000089900000| Untracked 
| 154|0x0000000089a00000, 0x0000000089a00000, 0x0000000089b00000|  0%| F|  |TAMS 0x0000000089a00000, 0x0000000089a00000| Untracked 
| 155|0x0000000089b00000, 0x0000000089b00000, 0x0000000089c00000|  0%| F|  |TAMS 0x0000000089b00000, 0x0000000089b00000| Untracked 
| 156|0x0000000089c00000, 0x0000000089c00000, 0x0000000089d00000|  0%| F|  |TAMS 0x0000000089c00000, 0x0000000089c00000| Untracked 
| 157|0x0000000089d00000, 0x0000000089d00000, 0x0000000089e00000|  0%| F|  |TAMS 0x0000000089d00000, 0x0000000089d00000| Untracked 
| 158|0x0000000089e00000, 0x0000000089e00000, 0x0000000089f00000|  0%| F|  |TAMS 0x0000000089e00000, 0x0000000089e00000| Untracked 
| 159|0x0000000089f00000, 0x0000000089f00000, 0x000000008a000000|  0%| F|  |TAMS 0x0000000089f00000, 0x0000000089f00000| Untracked 
| 160|0x000000008a000000, 0x000000008a000000, 0x000000008a100000|  0%| F|  |TAMS 0x000000008a000000, 0x000000008a000000| Untracked 
| 161|0x000000008a100000, 0x000000008a100000, 0x000000008a200000|  0%| F|  |TAMS 0x000000008a100000, 0x000000008a100000| Untracked 
| 162|0x000000008a200000, 0x000000008a200000, 0x000000008a300000|  0%| F|  |TAMS 0x000000008a200000, 0x000000008a200000| Untracked 
| 163|0x000000008a300000, 0x000000008a300000, 0x000000008a400000|  0%| F|  |TAMS 0x000000008a300000, 0x000000008a300000| Untracked 
| 164|0x000000008a400000, 0x000000008a400000, 0x000000008a500000|  0%| F|  |TAMS 0x000000008a400000, 0x000000008a400000| Untracked 
| 165|0x000000008a500000, 0x000000008a500000, 0x000000008a600000|  0%| F|  |TAMS 0x000000008a500000, 0x000000008a500000| Untracked 
| 166|0x000000008a600000, 0x000000008a600000, 0x000000008a700000|  0%| F|  |TAMS 0x000000008a600000, 0x000000008a600000| Untracked 
| 167|0x000000008a700000, 0x000000008a700000, 0x000000008a800000|  0%| F|  |TAMS 0x000000008a700000, 0x000000008a700000| Untracked 
| 168|0x000000008a800000, 0x000000008a800000, 0x000000008a900000|  0%| F|  |TAMS 0x000000008a800000, 0x000000008a800000| Untracked 
| 169|0x000000008a900000, 0x000000008a900000, 0x000000008aa00000|  0%| F|  |TAMS 0x000000008a900000, 0x000000008a900000| Untracked 
| 170|0x000000008aa00000, 0x000000008aa00000, 0x000000008ab00000|  0%| F|  |TAMS 0x000000008aa00000, 0x000000008aa00000| Untracked 
| 171|0x000000008ab00000, 0x000000008ab00000, 0x000000008ac00000|  0%| F|  |TAMS 0x000000008ab00000, 0x000000008ab00000| Untracked 
| 172|0x000000008ac00000, 0x000000008ac00000, 0x000000008ad00000|  0%| F|  |TAMS 0x000000008ac00000, 0x000000008ac00000| Untracked 
| 173|0x000000008ad00000, 0x000000008ad00000, 0x000000008ae00000|  0%| F|  |TAMS 0x000000008ad00000, 0x000000008ad00000| Untracked 
| 174|0x000000008ae00000, 0x000000008ae00000, 0x000000008af00000|  0%| F|  |TAMS 0x000000008ae00000, 0x000000008ae00000| Untracked 
| 175|0x000000008af00000, 0x000000008af00000, 0x000000008b000000|  0%| F|  |TAMS 0x000000008af00000, 0x000000008af00000| Untracked 
| 176|0x000000008b000000, 0x000000008b000000, 0x000000008b100000|  0%| F|  |TAMS 0x000000008b000000, 0x000000008b000000| Untracked 
| 177|0x000000008b100000, 0x000000008b100000, 0x000000008b200000|  0%| F|  |TAMS 0x000000008b100000, 0x000000008b100000| Untracked 
| 178|0x000000008b200000, 0x000000008b200000, 0x000000008b300000|  0%| F|  |TAMS 0x000000008b200000, 0x000000008b200000| Untracked 
| 179|0x000000008b300000, 0x000000008b3c5a60, 0x000000008b400000| 77%| S|CS|TAMS 0x000000008b300000, 0x000000008b300000| Complete 
| 180|0x000000008b400000, 0x000000008b500000, 0x000000008b500000|100%| S|CS|TAMS 0x000000008b400000, 0x000000008b400000| Complete 
| 181|0x000000008b500000, 0x000000008b500000, 0x000000008b600000|  0%| F|  |TAMS 0x000000008b500000, 0x000000008b500000| Untracked 
| 182|0x000000008b600000, 0x000000008b600000, 0x000000008b700000|  0%| F|  |TAMS 0x000000008b600000, 0x000000008b600000| Untracked 
| 183|0x000000008b700000, 0x000000008b800000, 0x000000008b800000|100%| S|CS|TAMS 0x000000008b700000, 0x000000008b700000| Complete 
| 184|0x000000008b800000, 0x000000008b900000, 0x000000008b900000|100%| S|CS|TAMS 0x000000008b800000, 0x000000008b800000| Complete 
| 185|0x000000008b900000, 0x000000008b900000, 0x000000008ba00000|  0%| F|  |TAMS 0x000000008b900000, 0x000000008b900000| Untracked 
| 186|0x000000008ba00000, 0x000000008ba00000, 0x000000008bb00000|  0%| F|  |TAMS 0x000000008ba00000, 0x000000008ba00000| Untracked 
| 187|0x000000008bb00000, 0x000000008bb00000, 0x000000008bc00000|  0%| F|  |TAMS 0x000000008bb00000, 0x000000008bb00000| Untracked 
| 188|0x000000008bc00000, 0x000000008bc00000, 0x000000008bd00000|  0%| F|  |TAMS 0x000000008bc00000, 0x000000008bc00000| Untracked 
| 189|0x000000008bd00000, 0x000000008bd00000, 0x000000008be00000|  0%| F|  |TAMS 0x000000008bd00000, 0x000000008bd00000| Untracked 
| 190|0x000000008be00000, 0x000000008be00000, 0x000000008bf00000|  0%| F|  |TAMS 0x000000008be00000, 0x000000008be00000| Untracked 
| 191|0x000000008bf00000, 0x000000008bf00000, 0x000000008c000000|  0%| F|  |TAMS 0x000000008bf00000, 0x000000008bf00000| Untracked 
| 192|0x000000008c000000, 0x000000008c000000, 0x000000008c100000|  0%| F|  |TAMS 0x000000008c000000, 0x000000008c000000| Untracked 
| 193|0x000000008c100000, 0x000000008c100000, 0x000000008c200000|  0%| F|  |TAMS 0x000000008c100000, 0x000000008c100000| Untracked 
| 194|0x000000008c200000, 0x000000008c200000, 0x000000008c300000|  0%| F|  |TAMS 0x000000008c200000, 0x000000008c200000| Untracked 
| 195|0x000000008c300000, 0x000000008c300000, 0x000000008c400000|  0%| F|  |TAMS 0x000000008c300000, 0x000000008c300000| Untracked 
| 196|0x000000008c400000, 0x000000008c400000, 0x000000008c500000|  0%| F|  |TAMS 0x000000008c400000, 0x000000008c400000| Untracked 
| 197|0x000000008c500000, 0x000000008c500000, 0x000000008c600000|  0%| F|  |TAMS 0x000000008c500000, 0x000000008c500000| Untracked 
| 198|0x000000008c600000, 0x000000008c600000, 0x000000008c700000|  0%| F|  |TAMS 0x000000008c600000, 0x000000008c600000| Untracked 
| 199|0x000000008c700000, 0x000000008c700000, 0x000000008c800000|  0%| F|  |TAMS 0x000000008c700000, 0x000000008c700000| Untracked 
| 200|0x000000008c800000, 0x000000008c800000, 0x000000008c900000|  0%| F|  |TAMS 0x000000008c800000, 0x000000008c800000| Untracked 
| 201|0x000000008c900000, 0x000000008c900000, 0x000000008ca00000|  0%| F|  |TAMS 0x000000008c900000, 0x000000008c900000| Untracked 
| 202|0x000000008ca00000, 0x000000008ca00000, 0x000000008cb00000|  0%| F|  |TAMS 0x000000008ca00000, 0x000000008ca00000| Untracked 
| 203|0x000000008cb00000, 0x000000008cb00000, 0x000000008cc00000|  0%| F|  |TAMS 0x000000008cb00000, 0x000000008cb00000| Untracked 
| 204|0x000000008cc00000, 0x000000008cc00000, 0x000000008cd00000|  0%| F|  |TAMS 0x000000008cc00000, 0x000000008cc00000| Untracked 
| 205|0x000000008cd00000, 0x000000008cd00000, 0x000000008ce00000|  0%| F|  |TAMS 0x000000008cd00000, 0x000000008cd00000| Untracked 
| 206|0x000000008ce00000, 0x000000008ce00000, 0x000000008cf00000|  0%| F|  |TAMS 0x000000008ce00000, 0x000000008ce00000| Untracked 
| 207|0x000000008cf00000, 0x000000008cf00000, 0x000000008d000000|  0%| F|  |TAMS 0x000000008cf00000, 0x000000008cf00000| Untracked 
| 208|0x000000008d000000, 0x000000008d000000, 0x000000008d100000|  0%| F|  |TAMS 0x000000008d000000, 0x000000008d000000| Untracked 
| 209|0x000000008d100000, 0x000000008d100000, 0x000000008d200000|  0%| F|  |TAMS 0x000000008d100000, 0x000000008d100000| Untracked 
| 210|0x000000008d200000, 0x000000008d200000, 0x000000008d300000|  0%| F|  |TAMS 0x000000008d200000, 0x000000008d200000| Untracked 
| 211|0x000000008d300000, 0x000000008d300000, 0x000000008d400000|  0%| F|  |TAMS 0x000000008d300000, 0x000000008d300000| Untracked 
| 212|0x000000008d400000, 0x000000008d400000, 0x000000008d500000|  0%| F|  |TAMS 0x000000008d400000, 0x000000008d400000| Untracked 
| 213|0x000000008d500000, 0x000000008d500000, 0x000000008d600000|  0%| F|  |TAMS 0x000000008d500000, 0x000000008d500000| Untracked 
| 214|0x000000008d600000, 0x000000008d621ae8, 0x000000008d700000| 13%| E|  |TAMS 0x000000008d600000, 0x000000008d600000| Complete 
| 215|0x000000008d700000, 0x000000008d800000, 0x000000008d800000|100%| E|CS|TAMS 0x000000008d700000, 0x000000008d700000| Complete 
| 216|0x000000008d800000, 0x000000008d900000, 0x000000008d900000|100%| E|CS|TAMS 0x000000008d800000, 0x000000008d800000| Complete 
| 217|0x000000008d900000, 0x000000008da00000, 0x000000008da00000|100%| E|CS|TAMS 0x000000008d900000, 0x000000008d900000| Complete 
| 218|0x000000008da00000, 0x000000008db00000, 0x000000008db00000|100%| E|CS|TAMS 0x000000008da00000, 0x000000008da00000| Complete 
| 219|0x000000008db00000, 0x000000008dc00000, 0x000000008dc00000|100%| E|CS|TAMS 0x000000008db00000, 0x000000008db00000| Complete 
| 220|0x000000008dc00000, 0x000000008dd00000, 0x000000008dd00000|100%| E|CS|TAMS 0x000000008dc00000, 0x000000008dc00000| Complete 
| 221|0x000000008dd00000, 0x000000008de00000, 0x000000008de00000|100%| E|CS|TAMS 0x000000008dd00000, 0x000000008dd00000| Complete 
| 222|0x000000008de00000, 0x000000008df00000, 0x000000008df00000|100%| E|CS|TAMS 0x000000008de00000, 0x000000008de00000| Complete 
| 223|0x000000008df00000, 0x000000008e000000, 0x000000008e000000|100%| E|CS|TAMS 0x000000008df00000, 0x000000008df00000| Complete 
| 224|0x000000008e000000, 0x000000008e100000, 0x000000008e100000|100%| E|CS|TAMS 0x000000008e000000, 0x000000008e000000| Complete 
| 225|0x000000008e100000, 0x000000008e200000, 0x000000008e200000|100%| E|  |TAMS 0x000000008e100000, 0x000000008e100000| Complete 
| 226|0x000000008e200000, 0x000000008e300000, 0x000000008e300000|100%| E|CS|TAMS 0x000000008e200000, 0x000000008e200000| Complete 
| 227|0x000000008e300000, 0x000000008e400000, 0x000000008e400000|100%| E|CS|TAMS 0x000000008e300000, 0x000000008e300000| Complete 
| 228|0x000000008e400000, 0x000000008e500000, 0x000000008e500000|100%| E|CS|TAMS 0x000000008e400000, 0x000000008e400000| Complete 
| 229|0x000000008e500000, 0x000000008e600000, 0x000000008e600000|100%| E|CS|TAMS 0x000000008e500000, 0x000000008e500000| Complete 
| 230|0x000000008e600000, 0x000000008e700000, 0x000000008e700000|100%| E|CS|TAMS 0x000000008e600000, 0x000000008e600000| Complete 
| 231|0x000000008e700000, 0x000000008e800000, 0x000000008e800000|100%| E|CS|TAMS 0x000000008e700000, 0x000000008e700000| Complete 
| 232|0x000000008e800000, 0x000000008e900000, 0x000000008e900000|100%| E|CS|TAMS 0x000000008e800000, 0x000000008e800000| Complete 
| 233|0x000000008e900000, 0x000000008ea00000, 0x000000008ea00000|100%| E|CS|TAMS 0x000000008e900000, 0x000000008e900000| Complete 
| 234|0x000000008ea00000, 0x000000008eb00000, 0x000000008eb00000|100%| E|CS|TAMS 0x000000008ea00000, 0x000000008ea00000| Complete 
| 235|0x000000008eb00000, 0x000000008ec00000, 0x000000008ec00000|100%| E|CS|TAMS 0x000000008eb00000, 0x000000008eb00000| Complete 
| 236|0x000000008ec00000, 0x000000008ed00000, 0x000000008ed00000|100%| E|CS|TAMS 0x000000008ec00000, 0x000000008ec00000| Complete 
| 237|0x000000008ed00000, 0x000000008ee00000, 0x000000008ee00000|100%| E|CS|TAMS 0x000000008ed00000, 0x000000008ed00000| Complete 
| 238|0x000000008ee00000, 0x000000008ef00000, 0x000000008ef00000|100%| E|CS|TAMS 0x000000008ee00000, 0x000000008ee00000| Complete 
| 239|0x000000008ef00000, 0x000000008f000000, 0x000000008f000000|100%| E|CS|TAMS 0x000000008ef00000, 0x000000008ef00000| Complete 
| 240|0x000000008f000000, 0x000000008f100000, 0x000000008f100000|100%| E|CS|TAMS 0x000000008f000000, 0x000000008f000000| Complete 
| 241|0x000000008f100000, 0x000000008f200000, 0x000000008f200000|100%| E|CS|TAMS 0x000000008f100000, 0x000000008f100000| Complete 
| 242|0x000000008f200000, 0x000000008f300000, 0x000000008f300000|100%| E|CS|TAMS 0x000000008f200000, 0x000000008f200000| Complete 
| 243|0x000000008f300000, 0x000000008f400000, 0x000000008f400000|100%| E|CS|TAMS 0x000000008f300000, 0x000000008f300000| Complete 

Card table byte_map: [0x000001adf6400000,0x000001adf6800000] _byte_map_base: 0x000001adf6000000

Marking Bits (Prev, Next): (CMBitMap*) 0x000001ade2860e58, (CMBitMap*) 0x000001ade2860e90
 Prev Bits: [0x000001adf6c00000, 0x000001adf8c00000)
 Next Bits: [0x000001adf8c00000, 0x000001adfac00000)

Polling page: 0x000001ade6340000

Metaspace:

Usage:
  Non-class:     85.45 MB capacity,    83.78 MB ( 98%) used,     1.39 MB (  2%) free+waste,   279.44 KB ( <1%) overhead. 
      Class:     13.35 MB capacity,    12.39 MB ( 93%) used,   844.95 KB (  6%) free+waste,   129.88 KB ( <1%) overhead. 
       Both:     98.79 MB capacity,    96.18 MB ( 97%) used,     2.21 MB (  2%) free+waste,   409.31 KB ( <1%) overhead. 

Virtual space:
  Non-class space:       86.00 MB reserved,      85.50 MB (>99%) committed 
      Class space:        1.00 GB reserved,      13.38 MB (  1%) committed 
             Both:        1.08 GB reserved,      98.88 MB (  9%) committed 

Chunk freelists:
   Non-Class:  56.00 KB
       Class:  0 bytes
        Both:  56.00 KB

MaxMetaspaceSize: 17179869184.00 GB
CompressedClassSpaceSize: 1.00 GB
Initial GC threshold: 20.80 MB
Current GC threshold: 164.79 MB
CDS: off

CodeHeap 'non-profiled nmethods': size=120000Kb used=7725Kb max_used=7725Kb free=112274Kb
 bounds [0x000001adede30000, 0x000001adee5c0000, 0x000001adf5360000]
CodeHeap 'profiled nmethods': size=120000Kb used=24431Kb max_used=24431Kb free=95569Kb
 bounds [0x000001ade6900000, 0x000001ade80e0000, 0x000001adede30000]
CodeHeap 'non-nmethods': size=5760Kb used=2407Kb max_used=2444Kb free=3352Kb
 bounds [0x000001ade6360000, 0x000001ade65d0000, 0x000001ade6900000]
 total_blobs=11931 nmethods=11000 adapters=843
 compilation: enabled
              stopped_count=0, restarted_count=0
 full_count=0

Compilation events (20 events):
Event: 11.654 Thread 0x000001ad82398800 10986       4       java.math.BigInteger::makePositive (259 bytes)
Event: 11.663 Thread 0x000001ad82398800 nmethod 10986 0x000001adee5aff10 code [0x000001adee5b00c0, 0x000001adee5b06b8]
Event: 11.663 Thread 0x000001ad82398800 11057       4       java.util.Optional::isPresent (13 bytes)
Event: 11.663 Thread 0x000001ad82398800 nmethod 11057 0x000001adee5b0b10 code [0x000001adee5b0ca0, 0x000001adee5b0d18]
Event: 11.663 Thread 0x000001ad82398800 11028       4       org.gradle.internal.logging.slf4j.OutputEventListenerBackedLogger::isDebugEnabled (5 bytes)
Event: 11.664 Thread 0x000001ad82398800 nmethod 11028 0x000001adee5b0e10 code [0x000001adee5b0fc0, 0x000001adee5b1098]
Event: 11.664 Thread 0x000001ad82398800 10949       4       java.nio.ByteBuffer::clear (7 bytes)
Event: 11.665 Thread 0x000001ad82398800 nmethod 10949 0x000001adee5b1210 code [0x000001adee5b13a0, 0x000001adee5b1418]
Event: 11.665 Thread 0x000001ad82398800 10958       4       org.gradle.cache.internal.btree.CachingBlockStore::read (56 bytes)
Event: 11.689 Thread 0x000001adfe18f800 nmethod 10942 0x000001adee5b1510 code [0x000001adee5b1a80, 0x000001adee5b6d80]
Event: 11.689 Thread 0x000001adfe18f800 11073       4       java.util.ArrayDeque::<init> (14 bytes)
Event: 11.691 Thread 0x000001adfe18f800 nmethod 11073 0x000001adee5ba410 code [0x000001adee5ba5a0, 0x000001adee5ba758]
Event: 11.691 Thread 0x000001adfe18f800 10946       4       org.gradle.internal.snapshot.VfsRelativePath::suffixStartingFrom (18 bytes)
Event: 11.692 Thread 0x000001adfe18f800 nmethod 10946 0x000001adee5ba810 code [0x000001adee5ba9a0, 0x000001adee5baa78]
Event: 11.692 Thread 0x000001adfe18f800 10945       4       java.lang.invoke.Invokers$Holder::linkToTargetMethod (11 bytes)
Event: 11.692 Thread 0x000001adfe18f800 nmethod 10945 0x000001adee5bab10 code [0x000001adee5bacc0, 0x000001adee5bad98]
Event: 11.692 Thread 0x000001adfe18f800 10998       4       org.gradle.cache.internal.btree.FileBackedBlockStore::flush (1 bytes)
Event: 11.693 Thread 0x000001adfe18f800 nmethod 10998 0x000001adee5bae90 code [0x000001adee5bb020, 0x000001adee5bb078]
Event: 11.693 Thread 0x000001adfe18f800 11059       4       com.google.common.cache.LocalCache$StrongValueReference::notifyNewValue (1 bytes)
Event: 11.693 Thread 0x000001adfe18f800 nmethod 11059 0x000001adee5bb190 code [0x000001adee5bb320, 0x000001adee5bb378]

GC Heap History (20 events):
Event: 9.132 GC heap before
{Heap before GC invocations=15 (full 0):
 garbage-first heap   total 249856K, used 204712K [0x0000000080000000, 0x0000000100000000)
  region size 1024K, 84 young (86016K), 14 survivors (14336K)
 Metaspace       used 84663K, capacity 87200K, committed 87296K, reserved 1124352K
  class space    used 11080K, capacity 11956K, committed 12032K, reserved 1048576K
}
Event: 9.139 GC heap after
{Heap after GC invocations=16 (full 0):
 garbage-first heap   total 249856K, used 137138K [0x0000000080000000, 0x0000000100000000)
  region size 1024K, 3 young (3072K), 3 survivors (3072K)
 Metaspace       used 84663K, capacity 87200K, committed 87296K, reserved 1124352K
  class space    used 11080K, capacity 11956K, committed 12032K, reserved 1048576K
}
Event: 9.258 GC heap before
{Heap before GC invocations=17 (full 0):
 garbage-first heap   total 249856K, used 178098K [0x0000000080000000, 0x0000000100000000)
  region size 1024K, 44 young (45056K), 3 survivors (3072K)
 Metaspace       used 86120K, capacity 88525K, committed 88960K, reserved 1126400K
  class space    used 11228K, capacity 12076K, committed 12160K, reserved 1048576K
}
Event: 9.261 GC heap after
{Heap after GC invocations=18 (full 0):
 garbage-first heap   total 249856K, used 137138K [0x0000000080000000, 0x0000000100000000)
  region size 1024K, 3 young (3072K), 3 survivors (3072K)
 Metaspace       used 86120K, capacity 88525K, committed 88960K, reserved 1126400K
  class space    used 11228K, capacity 12076K, committed 12160K, reserved 1048576K
}
Event: 9.930 GC heap before
{Heap before GC invocations=19 (full 0):
 garbage-first heap   total 249856K, used 206770K [0x0000000080000000, 0x0000000100000000)
  region size 1024K, 70 young (71680K), 3 survivors (3072K)
 Metaspace       used 94236K, capacity 96756K, committed 96896K, reserved 1132544K
  class space    used 12220K, capacity 13070K, committed 13184K, reserved 1048576K
}
Event: 9.936 GC heap after
{Heap after GC invocations=20 (full 0):
 garbage-first heap   total 249856K, used 140082K [0x0000000080000000, 0x0000000100000000)
  region size 1024K, 6 young (6144K), 6 survivors (6144K)
 Metaspace       used 94236K, capacity 96756K, committed 96896K, reserved 1132544K
  class space    used 12220K, capacity 13070K, committed 13184K, reserved 1048576K
}
Event: 10.050 GC heap before
{Heap before GC invocations=20 (full 0):
 garbage-first heap   total 249856K, used 145202K [0x0000000080000000, 0x0000000100000000)
  region size 1024K, 12 young (12288K), 6 survivors (6144K)
 Metaspace       used 94690K, capacity 97265K, committed 97536K, reserved 1134592K
  class space    used 12313K, capacity 13198K, committed 13312K, reserved 1048576K
}
Event: 10.055 GC heap after
{Heap after GC invocations=21 (full 0):
 garbage-first heap   total 249856K, used 140579K [0x0000000080000000, 0x0000000100000000)
  region size 1024K, 5 young (5120K), 5 survivors (5120K)
 Metaspace       used 94690K, capacity 97265K, committed 97536K, reserved 1134592K
  class space    used 12313K, capacity 13198K, committed 13312K, reserved 1048576K
}
Event: 10.244 GC heap before
{Heap before GC invocations=22 (full 0):
 garbage-first heap   total 249856K, used 188707K [0x0000000080000000, 0x0000000100000000)
  region size 1024K, 51 young (52224K), 5 survivors (5120K)
 Metaspace       used 95139K, capacity 97681K, committed 97792K, reserved 1134592K
  class space    used 12335K, capacity 13230K, committed 13312K, reserved 1048576K
}
Event: 10.247 GC heap after
{Heap after GC invocations=23 (full 0):
 garbage-first heap   total 249856K, used 145675K [0x0000000080000000, 0x0000000100000000)
  region size 1024K, 4 young (4096K), 4 survivors (4096K)
 Metaspace       used 95139K, capacity 97681K, committed 97792K, reserved 1134592K
  class space    used 12335K, capacity 13230K, committed 13312K, reserved 1048576K
}
Event: 10.372 GC heap before
{Heap before GC invocations=23 (full 0):
 garbage-first heap   total 249856K, used 192779K [0x0000000080000000, 0x0000000100000000)
  region size 1024K, 50 young (51200K), 4 survivors (4096K)
 Metaspace       used 95141K, capacity 97681K, committed 97792K, reserved 1134592K
  class space    used 12335K, capacity 13230K, committed 13312K, reserved 1048576K
}
Event: 10.374 GC heap after
{Heap after GC invocations=24 (full 0):
 garbage-first heap   total 249856K, used 145671K [0x0000000080000000, 0x0000000100000000)
  region size 1024K, 4 young (4096K), 4 survivors (4096K)
 Metaspace       used 95141K, capacity 97681K, committed 97792K, reserved 1134592K
  class space    used 12335K, capacity 13230K, committed 13312K, reserved 1048576K
}
Event: 10.540 GC heap before
{Heap before GC invocations=25 (full 0):
 garbage-first heap   total 249856K, used 196871K [0x0000000080000000, 0x0000000100000000)
  region size 1024K, 54 young (55296K), 4 survivors (4096K)
 Metaspace       used 95145K, capacity 97681K, committed 97792K, reserved 1134592K
  class space    used 12335K, capacity 13230K, committed 13312K, reserved 1048576K
}
Event: 10.542 GC heap after
{Heap after GC invocations=26 (full 0):
 garbage-first heap   total 249856K, used 145590K [0x0000000080000000, 0x0000000100000000)
  region size 1024K, 4 young (4096K), 4 survivors (4096K)
 Metaspace       used 95145K, capacity 97681K, committed 97792K, reserved 1134592K
  class space    used 12335K, capacity 13230K, committed 13312K, reserved 1048576K
}
Event: 10.668 GC heap before
{Heap before GC invocations=26 (full 0):
 garbage-first heap   total 249856K, used 199862K [0x0000000080000000, 0x0000000100000000)
  region size 1024K, 57 young (58368K), 4 survivors (4096K)
 Metaspace       used 95148K, capacity 97681K, committed 97792K, reserved 1134592K
  class space    used 12335K, capacity 13230K, committed 13312K, reserved 1048576K
}
Event: 10.671 GC heap after
{Heap after GC invocations=27 (full 0):
 garbage-first heap   total 249856K, used 145709K [0x0000000080000000, 0x0000000100000000)
  region size 1024K, 4 young (4096K), 4 survivors (4096K)
 Metaspace       used 95148K, capacity 97681K, committed 97792K, reserved 1134592K
  class space    used 12335K, capacity 13230K, committed 13312K, reserved 1048576K
}
Event: 10.802 GC heap before
{Heap before GC invocations=28 (full 0):
 garbage-first heap   total 249856K, used 202029K [0x0000000080000000, 0x0000000100000000)
  region size 1024K, 59 young (60416K), 4 survivors (4096K)
 Metaspace       used 95164K, capacity 97681K, committed 97792K, reserved 1134592K
  class space    used 12336K, capacity 13230K, committed 13312K, reserved 1048576K
}
Event: 10.803 GC heap after
{Heap after GC invocations=29 (full 0):
 garbage-first heap   total 249856K, used 145728K [0x0000000080000000, 0x0000000100000000)
  region size 1024K, 4 young (4096K), 4 survivors (4096K)
 Metaspace       used 95164K, capacity 97681K, committed 97792K, reserved 1134592K
  class space    used 12336K, capacity 13230K, committed 13312K, reserved 1048576K
}
Event: 11.345 GC heap before
{Heap before GC invocations=29 (full 0):
 garbage-first heap   total 249856K, used 203072K [0x0000000080000000, 0x0000000100000000)
  region size 1024K, 61 young (62464K), 4 survivors (4096K)
 Metaspace       used 98311K, capacity 101090K, committed 101248K, reserved 1136640K
  class space    used 12692K, capacity 13667K, committed 13696K, reserved 1048576K
}
Event: 11.350 GC heap after
{Heap after GC invocations=30 (full 0):
 garbage-first heap   total 249856K, used 143766K [0x0000000080000000, 0x0000000100000000)
  region size 1024K, 4 young (4096K), 4 survivors (4096K)
 Metaspace       used 98311K, capacity 101090K, committed 101248K, reserved 1136640K
  class space    used 12692K, capacity 13667K, committed 13696K, reserved 1048576K
}

Deoptimization events (20 events):
Event: 11.456 Thread 0x000001ad81f92000 Uncommon trap: trap_request=0xffffff4d fr.pc=0x000001adee134594 relative=0x0000000000000354
Event: 11.456 Thread 0x000001ad81f92000 Uncommon trap: reason=unstable_if action=reinterpret pc=0x000001adee134594 method=java.io.BufferedOutputStream.write([BII)V @ 6 c2
Event: 11.456 Thread 0x000001ad81f92000 DEOPT PACKING pc=0x000001adee134594 sp=0x0000005167afe390
Event: 11.456 Thread 0x000001ad81f92000 DEOPT UNPACKING pc=0x000001ade63aa1af sp=0x0000005167afe2d0 mode 2
Event: 11.456 Thread 0x000001ad81f92000 Uncommon trap: trap_request=0xffffff4d fr.pc=0x000001adee133d90 relative=0x00000000000002d0
Event: 11.456 Thread 0x000001ad81f92000 Uncommon trap: reason=unstable_if action=reinterpret pc=0x000001adee133d90 method=java.io.BufferedOutputStream.write([BII)V @ 6 c2
Event: 11.456 Thread 0x000001ad81f92000 DEOPT PACKING pc=0x000001adee133d90 sp=0x0000005167afe2f0
Event: 11.456 Thread 0x000001ad81f92000 DEOPT UNPACKING pc=0x000001ade63aa1af sp=0x0000005167afe2b8 mode 2
Event: 11.465 Thread 0x000001ad83d29000 DEOPT PACKING pc=0x000001ade7b881c4 sp=0x000000516b9fb3d0
Event: 11.465 Thread 0x000001ad83d29000 DEOPT UNPACKING pc=0x000001ade63aa95e sp=0x000000516b9fa970 mode 0
Event: 11.483 Thread 0x000001ad856fc800 DEOPT PACKING pc=0x000001ade7fb1db1 sp=0x000000516f6fa3f0
Event: 11.483 Thread 0x000001ad856fc800 DEOPT UNPACKING pc=0x000001ade63aa95e sp=0x000000516f6f98b8 mode 0
Event: 11.587 Thread 0x000001ad845a5800 DEOPT PACKING pc=0x000001ade7b881c4 sp=0x0000005168bfc900
Event: 11.587 Thread 0x000001ad845a5800 DEOPT UNPACKING pc=0x000001ade63aa95e sp=0x0000005168bfbea0 mode 0
Event: 11.593 Thread 0x000001ad83d2d800 Uncommon trap: trap_request=0xffffff4d fr.pc=0x000001adee591204 relative=0x0000000000000344
Event: 11.593 Thread 0x000001ad83d2d800 Uncommon trap: reason=unstable_if action=reinterpret pc=0x000001adee591204 method=java.util.concurrent.ConcurrentLinkedQueue.offer(Ljava/lang/Object;)Z @ 42 c2
Event: 11.593 Thread 0x000001ad83d2d800 DEOPT PACKING pc=0x000001adee591204 sp=0x000000516b7fab90
Event: 11.593 Thread 0x000001ad83d2d800 DEOPT UNPACKING pc=0x000001ade63aa1af sp=0x000000516b7fab40 mode 2
Event: 11.622 Thread 0x000001ad83985000 DEOPT PACKING pc=0x000001ade7b881c4 sp=0x0000005169efd2d0
Event: 11.622 Thread 0x000001ad83985000 DEOPT UNPACKING pc=0x000001ade63aa95e sp=0x0000005169efc870 mode 0

Classes redefined (0 events):
No events

Internal exceptions (20 events):
Event: 9.763 Thread 0x000001ad80851000 Exception <a 'java/lang/ClassNotFoundException'{0x000000008c007bf8}: org/gradle/api/internal/file/collections/DefaultConfigurableFileCollectionCustomizer> (0x000000008c007bf8) thrown at [./src/hotspot/share/classfile/systemDictionary.cpp, line 231]
Event: 9.770 Thread 0x000001ad80851000 Exception <a 'java/lang/NoSuchMethodError'{0x000000008c065ff8}: 'int java.lang.invoke.DirectMethodHandle$Holder.invokeSpecialIFC(java.lang.Object, java.lang.Object, java.lang.Object)'> (0x000000008c065ff8) thrown at [./src/hotspot/share/interpreter/linkResolver.cpp, line 773]
Event: 9.800 Thread 0x000001ad80851000 Exception <a 'java/lang/NoSuchMethodError'{0x000000008bd58d20}: 'java.lang.Object java.lang.invoke.Invokers$Holder.linkToTargetMethod(java.lang.Object, java.lang.Object, java.lang.Object, int, java.lang.Object, java.lang.Object)'> (0x000000008bd58d20) thrown at [./src/hotspot/share/interpreter/linkResolver.cpp, line 773]
Event: 9.919 Thread 0x000001ad80851000 Exception <a 'java/lang/NoSuchMethodError'{0x000000008afcbee8}: 'void java.lang.invoke.DirectMethodHandle$Holder.invokeStatic(java.lang.Object, java.lang.Object, java.lang.Object, java.lang.Object, int, java.lang.Object, java.lang.Object)'> (0x000000008afcbee8) thrown at [./src/hotspot/share/interpreter/linkResolver.cpp, line 773]
Event: 9.940 Thread 0x000001ad80851000 Exception <a 'java/lang/IncompatibleClassChangeError'{0x000000008f385280}: Found class java.lang.Object, but interface was expected> (0x000000008f385280) thrown at [./src/hotspot/share/interpreter/linkResolver.cpp, line 839]
Event: 10.026 Thread 0x000001ad853eb000 Exception <a 'java/lang/IncompatibleClassChangeError'{0x000000008f19d618}: Found class java.lang.Object, but interface was expected> (0x000000008f19d618) thrown at [./src/hotspot/share/interpreter/linkResolver.cpp, line 839]
Event: 10.839 Thread 0x000001ad853eb000 Exception <a 'java/lang/NoSuchMethodError'{0x000000008e88d790}: 'java.lang.Object java.lang.invoke.DirectMethodHandle$Holder.newInvokeSpecial(java.lang.Object, java.lang.Object, java.lang.Object, java.lang.Object)'> (0x000000008e88d790) thrown at [./src/hotspot/share/interpreter/linkResolver.cpp, line 773]
Event: 11.145 Thread 0x000001ad856f8000 Exception <a 'java/lang/NoSuchMethodError'{0x000000008cc847e0}: 'java.lang.Object java.lang.invoke.DirectMethodHandle$Holder.invokeSpecialIFC(java.lang.Object, java.lang.Object, java.lang.Object)'> (0x000000008cc847e0) thrown at [./src/hotspot/share/interpreter/linkResolver.cpp, line 773]
Event: 11.145 Thread 0x000001ad856f6800 Exception <a 'java/lang/NoSuchMethodError'{0x000000008cbb4828}: 'java.lang.Object java.lang.invoke.DirectMethodHandle$Holder.invokeSpecialIFC(java.lang.Object, java.lang.Object, java.lang.Object)'> (0x000000008cbb4828) thrown at [./src/hotspot/share/interpreter/linkResolver.cpp, line 773]
Event: 11.145 Thread 0x000001ad84598800 Exception <a 'java/lang/NoSuchMethodError'{0x000000008cba9da8}: 'java.lang.Object java.lang.invoke.DirectMethodHandle$Holder.invokeSpecialIFC(java.lang.Object, java.lang.Object, java.lang.Object)'> (0x000000008cba9da8) thrown at [./src/hotspot/share/interpreter/linkResolver.cpp, line 773]
Event: 11.145 Thread 0x000001ad83977000 Exception <a 'java/lang/NoSuchMethodError'{0x000000008cbba688}: 'java.lang.Object java.lang.invoke.DirectMethodHandle$Holder.invokeSpecialIFC(java.lang.Object, java.lang.Object, java.lang.Object)'> (0x000000008cbba688) thrown at [./src/hotspot/share/interpreter/linkResolver.cpp, line 773]
Event: 11.145 Thread 0x000001ad856f3800 Exception <a 'java/lang/NoSuchMethodError'{0x000000008cbc3a00}: 'java.lang.Object java.lang.invoke.DirectMethodHandle$Holder.invokeSpecialIFC(java.lang.Object, java.lang.Object, java.lang.Object)'> (0x000000008cbc3a00) thrown at [./src/hotspot/share/interpreter/linkResolver.cpp, line 773]
Event: 11.145 Thread 0x000001ad856f9000 Exception <a 'java/lang/NoSuchMethodError'{0x000000008cbca208}: 'java.lang.Object java.lang.invoke.DirectMethodHandle$Holder.invokeSpecialIFC(java.lang.Object, java.lang.Object, java.lang.Object)'> (0x000000008cbca208) thrown at [./src/hotspot/share/interpreter/linkResolver.cpp, line 773]
Event: 11.145 Thread 0x000001ad853ea000 Exception <a 'java/lang/NoSuchMethodError'{0x000000008cbf51d8}: 'java.lang.Object java.lang.invoke.DirectMethodHandle$Holder.invokeSpecialIFC(java.lang.Object, java.lang.Object, java.lang.Object)'> (0x000000008cbf51d8) thrown at [./src/hotspot/share/interpreter/linkResolver.cpp, line 773]
Event: 11.145 Thread 0x000001ad83a75000 Exception <a 'java/lang/NoSuchMethodError'{0x000000008cbd7ab8}: 'java.lang.Object java.lang.invoke.DirectMethodHandle$Holder.invokeSpecialIFC(java.lang.Object, java.lang.Object, java.lang.Object)'> (0x000000008cbd7ab8) thrown at [./src/hotspot/share/interpreter/linkResolver.cpp, line 773]
Event: 11.145 Thread 0x000001ad856fc800 Exception <a 'java/lang/NoSuchMethodError'{0x000000008cc7d6c0}: 'java.lang.Object java.lang.invoke.DirectMethodHandle$Holder.invokeSpecialIFC(java.lang.Object, java.lang.Object, java.lang.Object)'> (0x000000008cc7d6c0) thrown at [./src/hotspot/share/interpreter/linkResolver.cpp, line 773]
Event: 11.146 Thread 0x000001ad856f5000 Exception <a 'java/lang/NoSuchMethodError'{0x000000008cbd1768}: 'java.lang.Object java.lang.invoke.DirectMethodHandle$Holder.invokeSpecialIFC(java.lang.Object, java.lang.Object, java.lang.Object)'> (0x000000008cbd1768) thrown at [./src/hotspot/share/interpreter/linkResolver.cpp, line 773]
Event: 11.146 Thread 0x000001ad8583d000 Exception <a 'java/lang/NoSuchMethodError'{0x000000008cbe1e50}: 'java.lang.Object java.lang.invoke.DirectMethodHandle$Holder.invokeSpecialIFC(java.lang.Object, java.lang.Object, java.lang.Object)'> (0x000000008cbe1e50) thrown at [./src/hotspot/share/interpreter/linkResolver.cpp, line 773]
Event: 11.146 Thread 0x000001ad845a3000 Exception <a 'java/lang/NoSuchMethodError'{0x000000008cbeac30}: 'java.lang.Object java.lang.invoke.DirectMethodHandle$Holder.invokeSpecialIFC(java.lang.Object, java.lang.Object, java.lang.Object)'> (0x000000008cbeac30) thrown at [./src/hotspot/share/interpreter/linkResolver.cpp, line 773]
Event: 11.456 Thread 0x000001ad83d29000 Implicit null exception at 0x000001adee59655b to 0x000001adee5965f0

Events (20 events):
Event: 11.501 Executing VM operation: RevokeBias
Event: 11.502 Executing VM operation: RevokeBias done
Event: 11.529 Executing VM operation: RevokeBias
Event: 11.529 Executing VM operation: RevokeBias done
Event: 11.581 Executing VM operation: RevokeBias
Event: 11.581 Executing VM operation: RevokeBias done
Event: 11.586 Executing VM operation: RevokeBias
Event: 11.586 Executing VM operation: RevokeBias done
Event: 11.587 Executing VM operation: RevokeBias
Event: 11.587 Executing VM operation: RevokeBias done
Event: 11.587 Executing VM operation: RevokeBias
Event: 11.588 Executing VM operation: RevokeBias done
Event: 11.594 Executing VM operation: RevokeBias
Event: 11.594 Executing VM operation: RevokeBias done
Event: 11.608 Executing VM operation: RevokeBias
Event: 11.608 Executing coalesced safepoint VM operation: RevokeBias
Event: 11.608 Executing coalesced safepoint VM operation: RevokeBias done
Event: 11.608 Executing coalesced safepoint VM operation: RevokeBias
Event: 11.608 Executing coalesced safepoint VM operation: RevokeBias done
Event: 11.608 Executing VM operation: RevokeBias done


Dynamic libraries:
0x00007ff73dd70000 - 0x00007ff73dd7a000 	C:\Program Files\Android\Android Studio\jre\bin\java.exe
0x00007fff53340000 - 0x00007fff53549000 	C:\Windows\SYSTEM32\ntdll.dll
0x00007fff52660000 - 0x00007fff5271e000 	C:\Windows\System32\KERNEL32.DLL
0x00007fff50820000 - 0x00007fff50ba4000 	C:\Windows\System32\KERNELBASE.dll
0x00007fff50bb0000 - 0x00007fff50cc1000 	C:\Windows\System32\ucrtbase.dll
0x00007fff4b970000 - 0x00007fff4b989000 	C:\Program Files\Android\Android Studio\jre\bin\jli.dll
0x00007fff3dc10000 - 0x00007fff3dc27000 	C:\Program Files\Android\Android Studio\jre\bin\VCRUNTIME140.dll
0x00007fff52100000 - 0x00007fff522ad000 	C:\Windows\System32\USER32.dll
0x00007fff507f0000 - 0x00007fff50816000 	C:\Windows\System32\win32u.dll
0x00007fff52760000 - 0x00007fff5278a000 	C:\Windows\System32\GDI32.dll
0x00007fff3cb30000 - 0x00007fff3cdd5000 	C:\Windows\WinSxS\amd64_microsoft.windows.common-controls_6595b64144ccf1df_6.0.22000.120_none_9d947278b86cc467\COMCTL32.dll
0x00007fff50e30000 - 0x00007fff50f4f000 	C:\Windows\System32\gdi32full.dll
0x00007fff53250000 - 0x00007fff532f3000 	C:\Windows\System32\msvcrt.dll
0x00007fff50cd0000 - 0x00007fff50d6d000 	C:\Windows\System32\msvcp_win.dll
0x00007fff52720000 - 0x00007fff52751000 	C:\Windows\System32\IMM32.DLL
0x00007fff3d100000 - 0x00007fff3d19d000 	C:\Program Files\Android\Android Studio\jre\bin\msvcp140.dll
0x00007fff188f0000 - 0x00007fff193f2000 	C:\Program Files\Android\Android Studio\jre\bin\server\jvm.dll
0x00007fff53020000 - 0x00007fff530cf000 	C:\Windows\System32\ADVAPI32.dll
0x00007fff52f60000 - 0x00007fff52ffe000 	C:\Windows\System32\sechost.dll
0x00007fff511b0000 - 0x00007fff512d1000 	C:\Windows\System32\RPCRT4.dll
0x00007fff51950000 - 0x00007fff51958000 	C:\Windows\System32\PSAPI.DLL
0x00007fff4a510000 - 0x00007fff4a519000 	C:\Windows\SYSTEM32\WSOCK32.dll
0x00007fff52450000 - 0x00007fff524bf000 	C:\Windows\System32\WS2_32.dll
0x00007fff4a2c0000 - 0x00007fff4a2f3000 	C:\Windows\SYSTEM32\WINMM.dll
0x00007fff49470000 - 0x00007fff4947a000 	C:\Windows\SYSTEM32\VERSION.dll
0x00007fff4f8a0000 - 0x00007fff4f8b8000 	C:\Windows\SYSTEM32\kernel.appcore.dll
0x00007fff4a360000 - 0x00007fff4a371000 	C:\Program Files\Android\Android Studio\jre\bin\verify.dll
0x00007fff47f10000 - 0x00007fff48131000 	C:\Windows\SYSTEM32\DBGHELP.DLL
0x00007fff3d730000 - 0x00007fff3d761000 	C:\Windows\SYSTEM32\dbgcore.DLL
0x00007fff50f50000 - 0x00007fff50fcf000 	C:\Windows\System32\bcryptPrimitives.dll
0x00007fff3d700000 - 0x00007fff3d729000 	C:\Program Files\Android\Android Studio\jre\bin\java.dll
0x00007fff4a500000 - 0x00007fff4a50b000 	C:\Program Files\Android\Android Studio\jre\bin\jimage.dll
0x00007fff3e8b0000 - 0x00007fff3e8c8000 	C:\Program Files\Android\Android Studio\jre\bin\zip.dll
0x00007fff52790000 - 0x00007fff52f55000 	C:\Windows\System32\SHELL32.dll
0x00007fff4e890000 - 0x00007fff4f0f4000 	C:\Windows\SYSTEM32\windows.storage.dll
0x00007fff51d80000 - 0x00007fff520f6000 	C:\Windows\System32\combase.dll
0x00007fff4e720000 - 0x00007fff4e887000 	C:\Windows\SYSTEM32\wintypes.dll
0x00007fff51b20000 - 0x00007fff51c0a000 	C:\Windows\System32\SHCORE.dll
0x00007fff53160000 - 0x00007fff531bd000 	C:\Windows\System32\shlwapi.dll
0x00007fff50720000 - 0x00007fff50741000 	C:\Windows\SYSTEM32\profapi.dll
0x00007fff3d6e0000 - 0x00007fff3d6fa000 	C:\Program Files\Android\Android Studio\jre\bin\net.dll
0x00007fff499c0000 - 0x00007fff49ad3000 	C:\Windows\SYSTEM32\WINHTTP.dll
0x00007fff4fd30000 - 0x00007fff4fd97000 	C:\Windows\system32\mswsock.dll
0x00007fff3d6c0000 - 0x00007fff3d6d4000 	C:\Program Files\Android\Android Studio\jre\bin\nio.dll
0x00007fff4a390000 - 0x00007fff4a3b7000 	C:\Users\Anton\.gradle\native\e1d6ef7f7dcc3fd88c89a11ec53ec762bb8ba0a96d01ffa2cd45eb1d1d8dd5c5\windows-amd64\native-platform.dll
0x00007fff2ff60000 - 0x00007fff300a4000 	C:\Users\Anton\.gradle\native\5664cfc778a61ccfe75a443a1ab52a65af34e5dc3c78e0209fed803814484fcb\windows-amd64\native-platform-file-events.dll
0x00007fff4a350000 - 0x00007fff4a35a000 	C:\Program Files\Android\Android Studio\jre\bin\management.dll
0x00007fff46950000 - 0x00007fff4695d000 	C:\Program Files\Android\Android Studio\jre\bin\management_ext.dll
0x00007fff50000000 - 0x00007fff50018000 	C:\Windows\SYSTEM32\CRYPTSP.dll
0x00007fff4f800000 - 0x00007fff4f835000 	C:\Windows\system32\rsaenh.dll
0x00007fff4fdd0000 - 0x00007fff4fdf9000 	C:\Windows\SYSTEM32\USERENV.dll
0x00007fff50150000 - 0x00007fff50177000 	C:\Windows\SYSTEM32\bcrypt.dll
0x00007fff4ff20000 - 0x00007fff4ff2c000 	C:\Windows\SYSTEM32\CRYPTBASE.dll
0x00007fff4f3c0000 - 0x00007fff4f3ed000 	C:\Windows\SYSTEM32\IPHLPAPI.DLL
0x00007fff53150000 - 0x00007fff53159000 	C:\Windows\System32\NSI.dll
0x00007fff497c0000 - 0x00007fff497d9000 	C:\Windows\SYSTEM32\dhcpcsvc6.DLL
0x00007fff4a0d0000 - 0x00007fff4a0ee000 	C:\Windows\SYSTEM32\dhcpcsvc.DLL
0x00007fff4f3f0000 - 0x00007fff4f4d8000 	C:\Windows\SYSTEM32\DNSAPI.dll

dbghelp: loaded successfully - version: 4.0.5 - missing functions: none
symbol engine: initialized successfully - sym options: 0x614 - pdb path: .;C:\Program Files\Android\Android Studio\jre\bin;C:\Windows\SYSTEM32;C:\Windows\WinSxS\amd64_microsoft.windows.common-controls_6595b64144ccf1df_6.0.22000.120_none_9d947278b86cc467;C:\Program Files\Android\Android Studio\jre\bin\server;C:\Users\Anton\.gradle\native\e1d6ef7f7dcc3fd88c89a11ec53ec762bb8ba0a96d01ffa2cd45eb1d1d8dd5c5\windows-amd64;C:\Users\Anton\.gradle\native\5664cfc778a61ccfe75a443a1ab52a65af34e5dc3c78e0209fed803814484fcb\windows-amd64

VM Arguments:
jvm_args: --add-opens=java.base/java.util=ALL-UNNAMED --add-opens=java.base/java.lang=ALL-UNNAMED --add-opens=java.base/java.lang.invoke=ALL-UNNAMED --add-opens=java.base/java.util=ALL-UNNAMED --add-opens=java.prefs/java.util.prefs=ALL-UNNAMED --add-opens=java.prefs/java.util.prefs=ALL-UNNAMED --add-opens=java.base/java.nio.charset=ALL-UNNAMED --add-opens=java.base/java.net=ALL-UNNAMED --add-opens=java.base/java.util.concurrent.atomic=ALL-UNNAMED -Xmx2048m -Dfile.encoding=UTF-8 -Duser.country=RU -Duser.language=ru -Duser.variant 
java_command: org.gradle.launcher.daemon.bootstrap.GradleDaemon 7.3.3
java_class_path (initial): C:\Users\Anton\.gradle\wrapper\dists\gradle-7.3.3-bin\6a41zxkdtcxs8rphpq6y0069z\gradle-7.3.3\lib\gradle-launcher-7.3.3.jar
Launcher Type: SUN_STANDARD

[Global flags]
     intx CICompilerCount                          = 4                                         {product} {ergonomic}
     uint ConcGCThreads                            = 3                                         {product} {ergonomic}
     uint G1ConcRefinementThreads                  = 10                                        {product} {ergonomic}
   size_t G1HeapRegionSize                         = 1048576                                   {product} {ergonomic}
    uintx GCDrainStackTargetSize                   = 64                                        {product} {ergonomic}
   size_t InitialHeapSize                          = 255852544                                 {product} {ergonomic}
   size_t MarkStackSize                            = 4194304                                   {product} {ergonomic}
   size_t MaxHeapSize                              = 2147483648                                {product} {command line}
   size_t MaxNewSize                               = 1287651328                                {product} {ergonomic}
   size_t MinHeapDeltaBytes                        = 1048576                                   {product} {ergonomic}
    uintx NonNMethodCodeHeapSize                   = 5836300                                {pd product} {ergonomic}
    uintx NonProfiledCodeHeapSize                  = 122910970                              {pd product} {ergonomic}
    uintx ProfiledCodeHeapSize                     = 122910970                              {pd product} {ergonomic}
    uintx ReservedCodeCacheSize                    = 251658240                              {pd product} {ergonomic}
     bool SegmentedCodeCache                       = true                                      {product} {ergonomic}
     bool UseCompressedClassPointers               = true                                 {lp64_product} {ergonomic}
     bool UseCompressedOops                        = true                                 {lp64_product} {ergonomic}
     bool UseG1GC                                  = true                                      {product} {ergonomic}
     bool UseLargePagesIndividualAllocation        = false                                  {pd product} {ergonomic}

Logging:
Log output configuration:
 #0: stdout all=warning uptime,level,tags
 #1: stderr all=off uptime,level,tags

Environment Variables:
PATH=C:\Program Files (x86)\NVIDIA Corporation\PhysX\Common;C:\Windows\system32;C:\Windows;C:\Windows\System32\Wbem;C:\Windows\System32\WindowsPowerShell\v1.0\;C:\Program Files\Microsoft SQL Server\150\Tools\Binn\;C:\Program Files\Microsoft SQL Server\Client SDK\ODBC\170\Tools\Binn\;C:\Program Files\dotnet\;C:\Users\Anton\AppData\Local\Microsoft\WindowsApps;C:\Users\Anton\AppData\Local\Programs\Microsoft VS Code\bin;C:\Users\Anton\.dotnet\tools;C:\Users\Anton\AppData\Local\GitHubDesktop\bin
USERNAME=Anton
OS=Windows_NT
PROCESSOR_IDENTIFIER=AMD64 Family 25 Model 68 Stepping 1, AuthenticAMD



---------------  S Y S T E M  ---------------

OS: Windows 11 , 64 bit Build 22000 (10.0.22000.1880)
OS uptime: 0 days 6:41 hours
Hyper-V role detected

CPU:total 12 (initial active 12) (12 cores per cpu, 2 threads per core) family 25 model 68 stepping 1 microcode 0x0, cmov, cx8, fxsr, mmx, sse, sse2, sse3, ssse3, sse4.1, sse4.2, popcnt, avx, avx2, aes, clmul, mmxext, 3dnowpref, lzcnt, sse4a, ht, tsc, tscinvbit, tscinv, bmi1, bmi2, adx, sha, fma

Memory: 4k page, system-wide physical 15557M (2962M free)
TotalPageFile size 15557M (AvailPageFile size 4M)
current process WorkingSet (physical memory assigned to process): 545M, peak: 545M
current process commit charge ("private bytes"): 592M, peak: 594M

vm_info: OpenJDK 64-Bit Server VM (11.0.13+0-b1751.21-8125866) for windows-amd64 JRE (11.0.13+0-b1751.21-8125866), built on Feb  2 2022 03:00:22 by "builder" with MS VC++ 14.0 (VS2015)

END.
